An error occurred while executing the following cell:
------------------
data.plot()
plt.axvline(I - 1, linestyle="--", color="k")
plt.legend()
plt.savefig("causal-impact-data.pdf")
------------------

---------------------------------------------------------------------------
ModuleNotFoundError                       Traceback (most recent call last)
/tmp/ipykernel_4513/1295388822.py in <module>
----> 1 data.plot()
      2 plt.axvline(I - 1, linestyle="--", color="k")
      3 plt.legend()
      4 plt.savefig("causal-impact-data.pdf")

~/miniconda3/envs/py37/lib/python3.7/site-packages/pandas/plotting/_core.py in __call__(self, *args, **kwargs)
    890 
    891     def __call__(self, *args, **kwargs):
--> 892         plot_backend = _get_plot_backend(kwargs.pop("backend", None))
    893 
    894         x, y, kind, kwargs = self._get_call_args(

~/miniconda3/envs/py37/lib/python3.7/site-packages/pandas/plotting/_core.py in _get_plot_backend(backend)
   1812         return _backends[backend]
   1813 
-> 1814     module = _load_backend(backend)
   1815     _backends[backend] = module
   1816     return module

~/miniconda3/envs/py37/lib/python3.7/site-packages/pandas/plotting/_core.py in _load_backend(backend)
   1744         The imported backend.
   1745     """
-> 1746     import pkg_resources
   1747 
   1748     if backend == "matplotlib":

ModuleNotFoundError: No module named 'pkg_resources'
ModuleNotFoundError: No module named 'pkg_resources'
