An error occurred while executing the following cell:
------------------
# Bayesian online changepoint detection (BOCD)
# Based on @gwgundersen's work: https://github.com/gwgundersen
# Author: Gerardo Duran-Martin (@gerdm)
import jax
import jax.numpy as jnp
from jax.scipy import stats
from functools import partial
from itertools import product
import matplotlib.pyplot as plt
import seaborn as sns

try:
    import probml_utils as pml
except ModuleNotFoundError:
    %pip install git+https://github.com/probml/probml-utils.git
    import probml_utils as pml
------------------

---------------------------------------------------------------------------
ModuleNotFoundError                       Traceback (most recent call last)
/tmp/ipykernel_3890/1989772131.py in <module>
     12 try:
---> 13     import probml_utils as pml
     14 except ModuleNotFoundError:

ModuleNotFoundError: No module named 'probml_utils'

During handling of the above exception, another exception occurred:

ModuleNotFoundError                       Traceback (most recent call last)
/tmp/ipykernel_3890/1989772131.py in <module>
     14 except ModuleNotFoundError:
     15     get_ipython().run_line_magic('pip', 'install git+https://github.com/probml/probml-utils.git')
---> 16     import probml_utils as pml

ModuleNotFoundError: No module named 'probml_utils'
ModuleNotFoundError: No module named 'probml_utils'
