An error occurred while executing the following cell:
------------------
try:
    import tinygp
except ImportError:
    %pip install -q tinygp
    import tinygp

try:
    from statsmodels.datasets import co2
except ModuleNotFoundError:
    %pip install -qq statsmodels
    from statsmodels.datasets import co2


import jax
import jax.numpy as jnp
from tinygp import kernels, transforms, GaussianProcess
from jax.config import config
from scipy.optimize import minimize
import matplotlib.pyplot as plt
import seaborn as sns

try:
    from probml_utils import latexify, savefig, is_latexify_enabled
except ModuleNotFoundError:
    %pip install git+https://github.com/probml/probml-utils.git
    from probml_utils import latexify, savefig, is_latexify_enabled


latexify(width_scale_factor=2, fig_height=2)
config.update("jax_enable_x64", True)

marksize = 6 if is_latexify_enabled() else 50
------------------

---------------------------------------------------------------------------
ModuleNotFoundError                       Traceback (most recent call last)
/tmp/ipykernel_5485/1698028459.py in <module>
      1 try:
----> 2     import tinygp
      3 except ImportError:

ModuleNotFoundError: No module named 'tinygp'

During handling of the above exception, another exception occurred:

RuntimeError                              Traceback (most recent call last)
/tmp/ipykernel_5485/1698028459.py in <module>
      3 except ImportError:
      4     get_ipython().run_line_magic('pip', 'install -q tinygp')
----> 5     import tinygp
      6 
      7 try:

~/miniconda3/envs/py37/lib/python3.7/site-packages/tinygp/__init__.py in <module>
     12 __all__ = ["kernels", "noise", "solvers", "transforms", "GaussianProcess"]
     13 
---> 14 from tinygp import kernels, noise, solvers, transforms
     15 from tinygp.gp import GaussianProcess
     16 from tinygp.tinygp_version import version as __version__

~/miniconda3/envs/py37/lib/python3.7/site-packages/tinygp/kernels/__init__.py in <module>
     32 ]
     33 
---> 34 from tinygp.kernels import quasisep
     35 from tinygp.kernels.base import (
     36     Conditioned,

~/miniconda3/envs/py37/lib/python3.7/site-packages/tinygp/kernels/quasisep.py in <module>
     30 from typing import Optional, Union
     31 
---> 32 import jax
     33 import jax.numpy as jnp
     34 import jax.scipy as jsp

~/miniconda3/envs/py37/lib/python3.7/site-packages/jax/__init__.py in <module>
     33 # We want the exported object to be the class, so we first import the module
     34 # to make sure a later import doesn't overwrite the class.
---> 35 from jax import config as _config_module
     36 del _config_module
     37 

~/miniconda3/envs/py37/lib/python3.7/site-packages/jax/config.py in <module>
     15 # TODO(phawkins): fix users of this alias and delete this file.
     16 
---> 17 from jax._src.config import config

~/miniconda3/envs/py37/lib/python3.7/site-packages/jax/_src/config.py in <module>
     27 from absl import logging
     28 
---> 29 from jax._src import lib
     30 from jax._src.lib import jax_jit
     31 from jax._src.lib import transfer_guard_lib

~/miniconda3/envs/py37/lib/python3.7/site-packages/jax/_src/lib/__init__.py in <module>
     95   jax_version=jax.version.__version__,
     96   jaxlib_version=jaxlib.version.__version__,
---> 97   minimum_jaxlib_version=jax.version._minimum_jaxlib_version)
     98 
     99 

~/miniconda3/envs/py37/lib/python3.7/site-packages/jax/_src/lib/__init__.py in check_jaxlib_version(jax_version, jaxlib_version, minimum_jaxlib_version)
     87            f'incompatible with jax version {jax_version}. Please '
     88            'update your jax and/or jaxlib packages.')
---> 89     raise RuntimeError(msg)
     90 
     91   return _jaxlib_version

RuntimeError: jaxlib version 0.3.15 is newer than and incompatible with jax version 0.3.14. Please update your jax and/or jaxlib packages.
RuntimeError: jaxlib version 0.3.15 is newer than and incompatible with jax version 0.3.14. Please update your jax and/or jaxlib packages.
