An error occurred while executing the following cell:
------------------
try:
    import ssm_jax
except ModuleNotFoundError:
    %pip install -qq ssm_jax
    import ssm_jax


import ssm_jax.hmm.demos.gaussian_hmm_2d as demo

import numpy as np
import jax.numpy as jnp
import jax.random as jr

import matplotlib.pyplot as plt
------------------

---------------------------------------------------------------------------
ModuleNotFoundError                       Traceback (most recent call last)
/tmp/ipykernel_3779/154083364.py in <module>
      6 
      7 
----> 8 import ssm_jax.hmm.demos.gaussian_hmm_2d as demo
      9 
     10 import numpy as np

~/miniconda3/envs/py37/lib/python3.7/site-packages/ssm_jax/hmm/demos/gaussian_hmm_2d.py in <module>
      6 import optax
      7 
----> 8 from ssm_jax.hmm.models import GaussianHMM
      9 
     10 import matplotlib.pyplot as plt

~/miniconda3/envs/py37/lib/python3.7/site-packages/ssm_jax/hmm/models.py in <module>
     21 from ssm_jax.hmm.inference import hmm_smoother
     22 from ssm_jax.hmm.inference import hmm_two_filter_smoother
---> 23 from ssm_jax.hmm.learning import hmm_fit_sgd
     24 from ssm_jax.utils import PSDToRealBijector
     25 

~/miniconda3/envs/py37/lib/python3.7/site-packages/ssm_jax/hmm/learning.py in <module>
     10 from jax import value_and_grad
     11 from jax import vmap
---> 12 from tqdm.auto import trange
     13 
     14 

ModuleNotFoundError: No module named 'tqdm'
ModuleNotFoundError: No module named 'tqdm'
