An error occurred while executing the following cell:
------------------
# Standard Python libraries
from __future__ import absolute_import, division, print_function, unicode_literals

import os
import time
import numpy as np
import glob
import matplotlib.pyplot as plt
import PIL
import imageio

from IPython import display

import sklearn

import seaborn as sns

sns.set(style="ticks", color_codes=True)

import pandas as pd

pd.set_option("precision", 2)  # 2 decimal places
pd.set_option("display.max_rows", 20)
pd.set_option("display.max_columns", 30)
pd.set_option("display.width", 100)  # wide windows
------------------

---------------------------------------------------------------------------
ModuleNotFoundError                       Traceback (most recent call last)
/tmp/ipykernel_4692/1059154030.py in <module>
      8 import matplotlib.pyplot as plt
      9 import PIL
---> 10 import imageio
     11 
     12 from IPython import display

ModuleNotFoundError: No module named 'imageio'
ModuleNotFoundError: No module named 'imageio'
