An error occurred while executing the following cell:
------------------
# We install various packages for approximate Bayesian inference
# To avoid installing packages the internet every time you open a colab,
# you can use this trick:
# https://stackoverflow.com/questions/55253498/how-do-i-install-a-library-permanently-in-colab

# The PyMC3 package (https://docs.pymc.io) supports HMC and variational inference
# https://docs.pymc.io/notebooks/api_quickstart.html
!pip install pymc3==3.8
import pymc3 as pm

pm.__version__

# The arviz package (https://github.com/arviz-devs/arviz) can be used to make various plots
# of posterior samples generated by any algorithm.
!pip install arviz
import arviz as az
------------------

---------------------------------------------------------------------------
ModuleNotFoundError                       Traceback (most recent call last)
/tmp/ipykernel_4050/1453690669.py in <module>
      7 # https://docs.pymc.io/notebooks/api_quickstart.html
      8 get_ipython().system('pip install pymc3==3.8')
----> 9 import pymc3 as pm
     10 
     11 pm.__version__

ModuleNotFoundError: No module named 'pymc3'
ModuleNotFoundError: No module named 'pymc3'
