An error occurred while executing the following cell:
------------------
import jax
import jax.numpy as jnp
from jax import lax

try:
    from probml_utils import latexify, savefig
except:
    %pip install git+https://github.com/probml/probml-utils.git
    from probml_utils import latexify, savefig

from probml_utils.blackjax_utils import arviz_trace_from_states, inference_loop_multiple_chains

try:
    import blackjax
except:
    %pip install blackjax
    import blackjax

try:
    from tensorflow_probability.substrates import jax as tfp
except ModuleNotFoundError:
    %pip install -qqq tensorflow_probability
    from tensorflow_probability.substrates import jax as tfp

try:
    from rich import print
except ModuleNotFoundError:
    %pip install -qqq rich
    from rich import print

import arviz as az
import seaborn as sns
import numpy as np
import matplotlib.pyplot as plt
import warnings
import os

warnings.filterwarnings("ignore")
dist = tfp.distributions

plt.rc("font", size=10)  # controls default text sizes
plt.rc("axes", labelsize=12)  # fontsize of the x and y labels
plt.rc("legend", fontsize=12)  # legend fontsize
plt.rc("figure", titlesize=15)  # fontsize of the figure title
------------------

---------------------------------------------------------------------------
KeyError                                  Traceback (most recent call last)
/tmp/ipykernel_3949/1764058126.py in <module>
     37 
     38 warnings.filterwarnings("ignore")
---> 39 dist = tfp.distributions
     40 
     41 plt.rc("font", size=10)  # controls default text sizes

~/miniconda3/envs/py37/lib/python3.7/site-packages/tensorflow_probability/python/internal/lazy_loader.py in __getattr__(self, item)
     51 
     52   def __getattr__(self, item):
---> 53     module = self._load()
     54     return getattr(module, item)
     55 

~/miniconda3/envs/py37/lib/python3.7/site-packages/tensorflow_probability/python/internal/lazy_loader.py in _load(self)
     38       self._on_first_access = None
     39     # Import the target module and insert it into the parent's namespace
---> 40     module = importlib.import_module(self.__name__)
     41     if self._parent_module_globals is not None:
     42       self._parent_module_globals[self._local_name] = module

~/miniconda3/envs/py37/lib/python3.7/importlib/__init__.py in import_module(name, package)
    125                 break
    126             level += 1
--> 127     return _bootstrap._gcd_import(name[level:], package, level)
    128 
    129 

~/miniconda3/envs/py37/lib/python3.7/importlib/_bootstrap.py in _gcd_import(name, package, level)

~/miniconda3/envs/py37/lib/python3.7/importlib/_bootstrap.py in _find_and_load(name, import_)

~/miniconda3/envs/py37/lib/python3.7/importlib/_bootstrap.py in _find_and_load_unlocked(name, import_)

~/miniconda3/envs/py37/lib/python3.7/importlib/_bootstrap.py in _load_unlocked(spec)

~/miniconda3/envs/py37/lib/python3.7/importlib/_bootstrap_external.py in exec_module(self, module)

~/miniconda3/envs/py37/lib/python3.7/importlib/_bootstrap.py in _call_with_frames_removed(f, *args, **kwds)

~/miniconda3/envs/py37/lib/python3.7/site-packages/tensorflow_probability/substrates/jax/__init__.py in <module>
     39 from tensorflow_probability.python.version import __version__
     40 # from tensorflow_probability.substrates.jax.google import staging  # DisableOnExport  # pylint:disable=line-too-long
---> 41 from tensorflow_probability.substrates.jax import bijectors
     42 from tensorflow_probability.substrates.jax import distributions
     43 from tensorflow_probability.substrates.jax import experimental

~/miniconda3/envs/py37/lib/python3.7/site-packages/tensorflow_probability/substrates/jax/bijectors/__init__.py in <module>
     17 # pylint: disable=unused-import,wildcard-import,line-too-long,g-importing-member
     18 
---> 19 from tensorflow_probability.substrates.jax.bijectors.absolute_value import AbsoluteValue
     20 from tensorflow_probability.substrates.jax.bijectors.ascending import Ascending
     21 # from tensorflow_probability.substrates.jax.bijectors.batch_normalization import BatchNormalization

~/miniconda3/envs/py37/lib/python3.7/site-packages/tensorflow_probability/substrates/jax/bijectors/absolute_value.py in <module>
     15 """AbsoluteValue bijector."""
     16 
---> 17 from tensorflow_probability.python.internal.backend.jax.compat import v2 as tf
     18 
     19 from tensorflow_probability.substrates.jax.bijectors import bijector

~/miniconda3/envs/py37/lib/python3.7/site-packages/tensorflow_probability/python/internal/backend/jax/__init__.py in <module>
     17 from tensorflow_probability.python.internal.backend.jax import __internal__
     18 from tensorflow_probability.python.internal.backend.jax import bitwise
---> 19 from tensorflow_probability.python.internal.backend.jax import compat
     20 from tensorflow_probability.python.internal.backend.jax import config
     21 from tensorflow_probability.python.internal.backend.jax import debugging

~/miniconda3/envs/py37/lib/python3.7/site-packages/tensorflow_probability/python/internal/backend/jax/compat.py in <module>
     16 
     17 from tensorflow_probability.python.internal.backend.jax import v1
---> 18 from tensorflow_probability.python.internal.backend.jax import v2
     19 from tensorflow_probability.python.internal.backend.jax.gen.tensor_shape import dimension_value
     20 

~/miniconda3/envs/py37/lib/python3.7/site-packages/tensorflow_probability/python/internal/backend/jax/v2.py in <module>
     25 from tensorflow_probability.python.internal.backend.jax import debugging
     26 from tensorflow_probability.python.internal.backend.jax import errors
---> 27 from tensorflow_probability.python.internal.backend.jax import linalg
     28 from tensorflow_probability.python.internal.backend.jax import nest
     29 from tensorflow_probability.python.internal.backend.jax import nn

~/miniconda3/envs/py37/lib/python3.7/site-packages/tensorflow_probability/python/internal/backend/jax/linalg.py in <module>
     26 try:
     27   # pylint: disable=unused-import
---> 28   from tensorflow_probability.python.internal.backend.jax.gen import adjoint_registrations as _adjoint_registrations
     29   from tensorflow_probability.python.internal.backend.jax.gen import cholesky_registrations as _cholesky_registrations
     30   from tensorflow_probability.python.internal.backend.jax.gen import inverse_registrations as _inverse_registrations

~/miniconda3/envs/py37/lib/python3.7/site-packages/tensorflow_probability/python/internal/backend/jax/gen/adjoint_registrations.py in <module>
     35 
     36 from tensorflow_probability.python.internal.backend.jax import numpy_math as math_ops
---> 37 from tensorflow_probability.python.internal.backend.jax.gen import linear_operator
     38 from tensorflow_probability.python.internal.backend.jax.gen import linear_operator_adjoint
     39 from tensorflow_probability.python.internal.backend.jax.gen import linear_operator_algebra

~/miniconda3/envs/py37/lib/python3.7/site-packages/tensorflow_probability/python/internal/backend/jax/gen/linear_operator.py in <module>
     54 from tensorflow_probability.python.internal.backend.jax import variables
     55 from tensorflow_probability.python.internal.backend.jax import linalg_impl as linalg
---> 56 from tensorflow_probability.python.internal.backend.jax.gen import linear_operator_algebra
     57 from tensorflow_probability.python.internal.backend.jax.gen import linear_operator_util
     58 from tensorflow_probability.python.internal.backend.jax.gen import slicing

~/miniconda3/envs/py37/lib/python3.7/site-packages/tensorflow_probability/python/internal/backend/jax/gen/linear_operator_algebra.py in <module>
     38 
     39 from tensorflow_probability.python.internal.backend.jax import ops
---> 40 from tensorflow_probability.python.internal.backend.jax import tf_inspect
     41 
     42 

~/miniconda3/envs/py37/lib/python3.7/site-packages/tensorflow_probability/python/internal/backend/jax/tf_inspect.py in <module>
     16 
     17 try:
---> 18   from tensorflow.python.util import tf_inspect as inspect  # pylint: disable=g-direct-tensorflow-import,g-import-not-at-top
     19 except ImportError:
     20   import inspect  # pylint: disable=g-import-not-at-top

~/miniconda3/envs/py37/lib/python3.7/importlib/_bootstrap.py in _find_and_load(name, import_)

~/miniconda3/envs/py37/lib/python3.7/importlib/_bootstrap.py in _find_and_load_unlocked(name, import_)

~/miniconda3/envs/py37/lib/python3.7/importlib/_bootstrap.py in _find_spec(name, path, target)

~/miniconda3/envs/py37/lib/python3.7/importlib/_bootstrap_external.py in find_spec(cls, fullname, path, target)

~/miniconda3/envs/py37/lib/python3.7/importlib/_bootstrap_external.py in _get_spec(cls, fullname, path, target)

~/miniconda3/envs/py37/lib/python3.7/importlib/_bootstrap_external.py in __iter__(self)

~/miniconda3/envs/py37/lib/python3.7/importlib/_bootstrap_external.py in _recalculate(self)

~/miniconda3/envs/py37/lib/python3.7/importlib/_bootstrap_external.py in _get_parent_path(self)

KeyError: 'tensorflow'
KeyError: 'tensorflow'
