An error occurred while executing the following cell:
------------------
# author name: @AnandShegde
try:
    import tensorflow_probability.substrates.jax as tfp
except:
    %pip install tensorflow_probability
    import tensorflow_probability.substrates.jax as tfp

tfd = tfp.distributions
import matplotlib.pyplot as plt
import jax
import jax.numpy as jnp
import seaborn

try:
    import probml_utils as pml
except:
    %pip install -qq git+https://github.com/probml/probml-utils.git
    import probml_utils as pml
import warnings
import os
import logging

logger = logging.getLogger()


class CheckTypesFilter(logging.Filter):
    def filter(self, record):
        return "check_types" not in record.getMessage()


logger.addFilter(CheckTypesFilter())

jax.config.update("jax_platform_name", "cpu")

key = jax.random.PRNGKey(2)
------------------

---------------------------------------------------------------------------
RuntimeError                              Traceback (most recent call last)
/tmp/ipykernel_4740/3970943600.py in <module>
      2 try:
----> 3     import tensorflow_probability.substrates.jax as tfp
      4 except:

~/miniconda3/envs/py37/lib/python3.7/site-packages/tensorflow_probability/substrates/jax/__init__.py in <module>
     35 
---> 36 _ensure_jax_install()
     37 del _ensure_jax_install  # Cleanup symbol to avoid polluting namespace.

~/miniconda3/envs/py37/lib/python3.7/site-packages/tensorflow_probability/substrates/jax/__init__.py in _ensure_jax_install()
     28   try:
---> 29     import jax
     30     del jax

~/miniconda3/envs/py37/lib/python3.7/site-packages/jax/__init__.py in <module>
     34 # to make sure a later import doesn't overwrite the class.
---> 35 from jax import config as _config_module
     36 del _config_module

~/miniconda3/envs/py37/lib/python3.7/site-packages/jax/config.py in <module>
     16 
---> 17 from jax._src.config import config

~/miniconda3/envs/py37/lib/python3.7/site-packages/jax/_src/config.py in <module>
     28 
---> 29 from jax._src import lib
     30 from jax._src.lib import jax_jit

~/miniconda3/envs/py37/lib/python3.7/site-packages/jax/_src/lib/__init__.py in <module>
     96   jaxlib_version=jaxlib.version.__version__,
---> 97   minimum_jaxlib_version=jax.version._minimum_jaxlib_version)
     98 

~/miniconda3/envs/py37/lib/python3.7/site-packages/jax/_src/lib/__init__.py in check_jaxlib_version(jax_version, jaxlib_version, minimum_jaxlib_version)
     88            'update your jax and/or jaxlib packages.')
---> 89     raise RuntimeError(msg)
     90 

RuntimeError: jaxlib version 0.3.15 is newer than and incompatible with jax version 0.3.14. Please update your jax and/or jaxlib packages.

During handling of the above exception, another exception occurred:

AttributeError                            Traceback (most recent call last)
/tmp/ipykernel_4740/3970943600.py in <module>
      4 except:
      5     get_ipython().run_line_magic('pip', 'install tensorflow_probability')
----> 6     import tensorflow_probability.substrates.jax as tfp
      7 
      8 tfd = tfp.distributions

~/miniconda3/envs/py37/lib/python3.7/site-packages/tensorflow_probability/substrates/jax/__init__.py in <module>
     34     raise
     35 
---> 36 _ensure_jax_install()
     37 del _ensure_jax_install  # Cleanup symbol to avoid polluting namespace.
     38 

~/miniconda3/envs/py37/lib/python3.7/site-packages/tensorflow_probability/substrates/jax/__init__.py in _ensure_jax_install()
     27   """
     28   try:
---> 29     import jax
     30     del jax
     31   except ImportError:

~/miniconda3/envs/py37/lib/python3.7/site-packages/jax/__init__.py in <module>
     33 # We want the exported object to be the class, so we first import the module
     34 # to make sure a later import doesn't overwrite the class.
---> 35 from jax import config as _config_module
     36 del _config_module
     37 

~/miniconda3/envs/py37/lib/python3.7/site-packages/jax/config.py in <module>
     15 # TODO(phawkins): fix users of this alias and delete this file.
     16 
---> 17 from jax._src.config import config

~/miniconda3/envs/py37/lib/python3.7/site-packages/jax/_src/config.py in <module>
     27 from absl import logging
     28 
---> 29 from jax._src import lib
     30 from jax._src.lib import jax_jit
     31 from jax._src.lib import transfer_guard_lib

~/miniconda3/envs/py37/lib/python3.7/site-packages/jax/_src/lib/__init__.py in <module>
     93 version_str = jaxlib.version.__version__
     94 version = check_jaxlib_version(
---> 95   jax_version=jax.version.__version__,
     96   jaxlib_version=jaxlib.version.__version__,
     97   minimum_jaxlib_version=jax.version._minimum_jaxlib_version)

AttributeError: module 'jax' has no attribute 'version'
AttributeError: module 'jax' has no attribute 'version'
