An error occurred while executing the following cell:
------------------
## Metropolis Hastings (MH) Sampling from a mixture of two 1d Gaussians
# using a 1d Gaussian proposal with different sigma.
# Author: Gerardo Duran-Martin (@gerdm)

# !pip install -qq matplotlib==3.4.2
import logging

logger = logging.getLogger()


class CheckTypesFilter(logging.Filter):
    def filter(self, record):
        return "check_types" not in record.getMessage() and "jax_enable_x64" not in record.getMessage()


logger.addFilter(CheckTypesFilter())

import warnings

warnings.filterwarnings("ignore")

import numpy as np
import matplotlib.pyplot as plt

# from numpy.random import rand

try:
    import probml_utils as pml
except ModuleNotFoundError:
    %pip install -qq git+https://github.com/probml/probml-utils.git
    import probml_utils as pml
try:
    import statsmodels.api as sm
except ModuleNotFoundError:
    %pip install -qq statsmodels
    import statsmodels.api as sm

import os
import matplotlib

try:
    import tensorflow_probability.substrates.jax as tfp
except ModuleNotFoundError:
    %pip install -qq tensorflow-probability
    import tensorflow_probability.substrates.jax as tfp

import jax
import seaborn as sns
import jax.numpy as jnp
------------------

---------------------------------------------------------------------------
ModuleNotFoundError                       Traceback (most recent call last)
/tmp/ipykernel_3726/1722435670.py in <module>
     27 try:
---> 28     import probml_utils as pml
     29 except ModuleNotFoundError:

ModuleNotFoundError: No module named 'probml_utils'

During handling of the above exception, another exception occurred:

ModuleNotFoundError                       Traceback (most recent call last)
/tmp/ipykernel_3726/1722435670.py in <module>
     29 except ModuleNotFoundError:
     30     get_ipython().run_line_magic('pip', 'install -qq git+https://github.com/probml/probml-utils.git')
---> 31     import probml_utils as pml
     32 try:
     33     import statsmodels.api as sm

ModuleNotFoundError: No module named 'probml_utils'
ModuleNotFoundError: No module named 'probml_utils'
