An error occurred while executing the following cell:
------------------
import jax.numpy as jnp
from jax.experimental import optimizers
import jax

try:
    import jax_bayes
except ModuleNotFoundError:
    %pip install -qq jax_bayes
    import jax_bayes

try:
    import sys, os, math, time
except ModuleNotFoundError:
    %pip install -qq sys,
    import sys, os, math, time
import numpy as np
from functools import partial
from matplotlib import pyplot as plt

os.environ["TF_CPP_MIN_LOG_LEVEL"] = "2"
try:
    import tensorflow_datasets as tfds
except ModuleNotFoundError:
    %pip install -qq tensorflow tensorflow_datasets
    import tensorflow_datasets as tfds
------------------

---------------------------------------------------------------------------
ModuleNotFoundError                       Traceback (most recent call last)
/tmp/ipykernel_4325/3659454802.py in <module>
      5 try:
----> 6     import jax_bayes
      7 except ModuleNotFoundError:

ModuleNotFoundError: No module named 'jax_bayes'

During handling of the above exception, another exception occurred:

ModuleNotFoundError                       Traceback (most recent call last)
/tmp/ipykernel_4325/3659454802.py in <module>
      7 except ModuleNotFoundError:
      8     get_ipython().run_line_magic('pip', 'install -qq jax_bayes')
----> 9     import jax_bayes
     10 
     11 try:

ModuleNotFoundError: No module named 'jax_bayes'
ModuleNotFoundError: No module named 'jax_bayes'
