An error occurred while executing the following cell:
------------------
# Imports
from tensorflow.python.client import device_lib
from psutil import virtual_memory
import cv2
from google.colab.patches import cv2_imshow

%tensorflow_version 2.x
import tensorflow as tf
import os


from sklearn.neighbors import KNeighborsClassifier as KNN
from sklearn.model_selection import cross_val_score


from sklearn.datasets.samples_generator import make_blobs
from IPython import display
from matplotlib import pyplot as plt

import numpy as np

import pathlib
import shutil
import tempfile

from tqdm import tqdm
------------------

---------------------------------------------------------------------------
ImportError                               Traceback (most recent call last)
/tmp/ipykernel_3699/1226003757.py in <module>
      1 # Imports
----> 2 from tensorflow.python.client import device_lib
      3 from psutil import virtual_memory
      4 import cv2
      5 from google.colab.patches import cv2_imshow

~/miniconda3/envs/py37/lib/python3.7/site-packages/tensorflow/__init__.py in <module>
     35 import typing as _typing
     36 
---> 37 from tensorflow.python.tools import module_util as _module_util
     38 from tensorflow.python.util.lazy_loader import LazyLoader as _LazyLoader
     39 

~/miniconda3/envs/py37/lib/python3.7/site-packages/tensorflow/python/__init__.py in <module>
     34 # pylint: disable=wildcard-import,g-bad-import-order,g-import-not-at-top
     35 
---> 36 from tensorflow.python import pywrap_tensorflow as _pywrap_tensorflow
     37 from tensorflow.python.eager import context
     38 

~/miniconda3/envs/py37/lib/python3.7/site-packages/tensorflow/python/pywrap_tensorflow.py in <module>
     19 import traceback
     20 
---> 21 from tensorflow.python.platform import self_check
     22 
     23 # TODO(mdan): Cleanup antipattern: import for side effects.

ImportError: cannot import name 'self_check' from 'tensorflow.python.platform' (/github/home/miniconda3/envs/py37/lib/python3.7/site-packages/tensorflow/python/platform/__init__.py)
ImportError: cannot import name 'self_check' from 'tensorflow.python.platform' (/github/home/miniconda3/envs/py37/lib/python3.7/site-packages/tensorflow/python/platform/__init__.py)
