An error occurred while executing the following cell:
------------------
class LinearKernel(tinygp.kernels.Kernel):
    def __init__(self, scale):
        self.scale = scale

    def evaluate(self, X1, X2):
        X1 = jnp.atleast_1d(X1)[..., None]
        X2 = jnp.atleast_1d(X2)[..., None]
        return self.scale * (jnp.sum(jnp.matmul((X1 + 1), (X2 + 1))))


class ConstantKernel(tinygp.kernels.Kernel):
    def __init__(self, scale):
        self.scale = scale

    def evaluate(self, X1, X2):
        X1 = jnp.atleast_1d(X1)[..., None]
        X2 = jnp.atleast_1d(X2)[..., None]
        return self.scale * jnp.sum(jnp.ones(jnp.shape(X1 * X2)))


class PolyLinearKernel(tinygp.kernels.Kernel):
    def __init__(self, scale):
        self.scale = scale

    def evaluate(self, X1, X2):
        X1 = jnp.atleast_1d(X1)[..., None]
        X2 = jnp.atleast_1d(X2)[..., None]
        return self.scale * (jnp.sum(1 + jnp.matmul(X1, X2)))


class WhiteNoiseKernel(tinygp.kernels.Kernel):
    def __init__(self, scale):
        self.scale = scale

    def evaluate(self, X1, X2):
        X1 = jnp.atleast_1d(X1)[..., None]
        X2 = jnp.atleast_1d(X2)[..., None]
        X3 = X1 == X2
        X4 = jnp.zeros_like(X1)
        X4 = jnp.where(X3, 1, X4)
        return self.scale * (jnp.sum(X4))


class QuadKernel(tinygp.kernels.Kernel):
    def __init__(self, scale):
        self.scale = scale

    def evaluate(self, X1, X2):
        X1 = jnp.atleast_1d(X1)[..., None]
        X2 = jnp.atleast_1d(X2)[..., None]
        return self.scale * (jnp.sum((1 + jnp.matmul(X1, X2))) ** 2)
------------------

---------------------------------------------------------------------------
NameError                                 Traceback (most recent call last)
/tmp/ipykernel_3879/1983523955.py in <module>
----> 1 class LinearKernel(tinygp.kernels.Kernel):
      2     def __init__(self, scale):
      3         self.scale = scale
      4 
      5     def evaluate(self, X1, X2):

NameError: name 'tinygp' is not defined
NameError: name 'tinygp' is not defined
