An error occurred while executing the following cell:
------------------
import jax
import jax.numpy as jnp

try:
    from flax import linen as nn
except ModuleNotFoundError:
    %pip install flax
    from flax import linen as nn
try:
    from torchvision import datasets
except ModuleNotFoundError:
    %pip install torchvision
    from torchvision import datasets


def get_datasets(n_tr, n_te):
    train_test = {}
    for split in {"train", "test"}:
        data = datasets.MNIST("./data", train=split == "train", download=True)
        n = n_tr if split == "train" else n_te
        key = jax.random.PRNGKey(42)
        rp = jax.random.permutation(key, len(data))[:n]
        X = jnp.full((n, 16, 16, 1), 0.0, dtype=jnp.float32)
        Y = jnp.full((n, 10), -1.0, dtype=jnp.float32)
        for i, ix in enumerate(rp):
            I, yint = data[int(ix)]
            xi = jnp.array(I, dtype=jnp.float32) / 127.5 - 1.0
            xi = jax.image.resize(xi, (16, 16), "bilinear")
            X = X.at[i].set(jnp.expand_dims(xi, axis=2))
            Y = Y.at[i, yint].set(1.0)
        train_test[split] = (X, Y)
    return train_test
------------------

---------------------------------------------------------------------------
ModuleNotFoundError                       Traceback (most recent call last)
/tmp/ipykernel_2631/1228602696.py in <module>
      9 try:
---> 10     from torchvision import datasets
     11 except ModuleNotFoundError:

ModuleNotFoundError: No module named 'torchvision'

During handling of the above exception, another exception occurred:

ImportError                               Traceback (most recent call last)
/tmp/ipykernel_2631/1228602696.py in <module>
     11 except ModuleNotFoundError:
     12     get_ipython().run_line_magic('pip', 'install torchvision')
---> 13     from torchvision import datasets
     14 
     15 

~/miniconda3/envs/py37/lib/python3.7/site-packages/torchvision/__init__.py in <module>
      2 import warnings
      3 
----> 4 import torch
      5 from torchvision import datasets
      6 from torchvision import io

~/miniconda3/envs/py37/lib/python3.7/site-packages/torch/__init__.py in <module>
    197     if USE_GLOBAL_DEPS:
    198         _load_global_deps()
--> 199     from torch._C import *  # noqa: F403
    200 
    201 # Appease the type checker; ordinarily this binding is inserted by the

ImportError: /github/home/miniconda3/envs/py37/lib/python3.7/site-packages/torch/lib/libtorch_cpu.so: cannot read file data
ImportError: /github/home/miniconda3/envs/py37/lib/python3.7/site-packages/torch/lib/libtorch_cpu.so: cannot read file data
