An error occurred while executing the following cell:
------------------
import jax
import jax.numpy as jnp
import jax.scipy.stats as stats
from jax.random import PRNGKey, split

try:
    import distrax
except ModuleNotFoundError:
    %pip install -qq distrax
    import distrax
try:
    from tensorflow_probability.substrates.jax.distributions import HalfCauchy
except ModuleNotFoundError:
    %pip install -qq tensorflow-probability
    from tensorflow_probability.substrates.jax.distributions import HalfCauchy

try:
    import blackjax.nuts as nuts
except ModuleNotFoundError:
    %pip install -qq blackjax
    import blackjax.nuts as nuts

import blackjax.stan_warmup as stan_warmup

import matplotlib.pyplot as plt
import numpy as np
import pandas as pd
import seaborn as sns

try:
    import arviz as az
except ModuleNotFoundError:
    %pip install -qq arviz
    import arviz as az
from functools import partial

sns.set_style("whitegrid")
np.random.seed(123)
------------------

---------------------------------------------------------------------------
ModuleNotFoundError                       Traceback (most recent call last)
/tmp/ipykernel_4456/1662817140.py in <module>
     17 try:
---> 18     import blackjax.nuts as nuts
     19 except ModuleNotFoundError:

ModuleNotFoundError: No module named 'blackjax'

During handling of the above exception, another exception occurred:

ModuleNotFoundError                       Traceback (most recent call last)
/tmp/ipykernel_4456/1662817140.py in <module>
     19 except ModuleNotFoundError:
     20     get_ipython().run_line_magic('pip', 'install -qq blackjax')
---> 21     import blackjax.nuts as nuts
     22 
     23 import blackjax.stan_warmup as stan_warmup

ModuleNotFoundError: No module named 'blackjax.nuts'
ModuleNotFoundError: No module named 'blackjax.nuts'
