An error occurred while executing the following cell:
------------------
%matplotlib inline

import matplotlib.pyplot as plt
import numpy as np
import pymc3 as pm
import pandas as pd

url = "https://github.com/twiecki/WhileMyMCMCGentlySamples/blob/master/content/downloads/notebooks/radon.csv?raw=true"
data = pd.read_csv(url)

county_names = data.county.unique()
county_idx = data["county_code"].values
------------------

---------------------------------------------------------------------------
ModuleNotFoundError                       Traceback (most recent call last)
/tmp/ipykernel_3880/2983604879.py in <module>
      3 import matplotlib.pyplot as plt
      4 import numpy as np
----> 5 import pymc3 as pm
      6 import pandas as pd
      7 

ModuleNotFoundError: No module named 'pymc3'
ModuleNotFoundError: No module named 'pymc3'
