An error occurred while executing the following cell:
------------------

import numpy as np
np.set_printoptions(precision=3)
import matplotlib.pyplot as plt
import pandas as pd

import jax
print("jax version {}".format(jax.__version__))
print("jax backend {}".format(jax.lib.xla_bridge.get_backend().platform))

import jax.numpy as jnp
from jax import random

rng_key = random.PRNGKey(0)
rng_key, rng_key_ = random.split(rng_key)

try:
    import numpyro
except ModuleNotFoundError:
    %pip install -qq numpyro
    import numpyro


import numpyro.distributions as dist
from numpyro.diagnostics import hpdi, print_summary
from numpyro.infer import Predictive
from numpyro.infer import SVI, Trace_ELBO
from numpyro.infer.autoguide import AutoLaplaceApproximation
import numpyro.optim as optim


try:
    import arviz as az
except ModuleNotFoundError:
    %pip install -qq arviz
    import arviz as az

try:
    from probml_utils import savefig, latexify
except ModuleNotFoundError:
    %pip install -qq git+https://github.com/probml/probml-utils.git
    from probml_utils import savefig, latexify

import seaborn as sns
latexify(3, fig_height = 1.5)
------------------

---------------------------------------------------------------------------
RuntimeError                              Traceback (most recent call last)
/tmp/ipykernel_4321/1746491998.py in <module>
      4 import pandas as pd
      5 
----> 6 import jax
      7 print("jax version {}".format(jax.__version__))
      8 print("jax backend {}".format(jax.lib.xla_bridge.get_backend().platform))

~/miniconda3/envs/py37/lib/python3.7/site-packages/jax/__init__.py in <module>
     33 # We want the exported object to be the class, so we first import the module
     34 # to make sure a later import doesn't overwrite the class.
---> 35 from jax import config as _config_module
     36 del _config_module
     37 

~/miniconda3/envs/py37/lib/python3.7/site-packages/jax/config.py in <module>
     15 # TODO(phawkins): fix users of this alias and delete this file.
     16 
---> 17 from jax._src.config import config

~/miniconda3/envs/py37/lib/python3.7/site-packages/jax/_src/config.py in <module>
     27 from absl import logging
     28 
---> 29 from jax._src import lib
     30 from jax._src.lib import jax_jit
     31 from jax._src.lib import transfer_guard_lib

~/miniconda3/envs/py37/lib/python3.7/site-packages/jax/_src/lib/__init__.py in <module>
     95   jax_version=jax.version.__version__,
     96   jaxlib_version=jaxlib.version.__version__,
---> 97   minimum_jaxlib_version=jax.version._minimum_jaxlib_version)
     98 
     99 

~/miniconda3/envs/py37/lib/python3.7/site-packages/jax/_src/lib/__init__.py in check_jaxlib_version(jax_version, jaxlib_version, minimum_jaxlib_version)
     87            f'incompatible with jax version {jax_version}. Please '
     88            'update your jax and/or jaxlib packages.')
---> 89     raise RuntimeError(msg)
     90 
     91   return _jaxlib_version

RuntimeError: jaxlib version 0.3.24 is newer than and incompatible with jax version 0.3.14. Please update your jax and/or jaxlib packages.
RuntimeError: jaxlib version 0.3.24 is newer than and incompatible with jax version 0.3.14. Please update your jax and/or jaxlib packages.
