An error occurred while executing the following cell:
------------------
import numpy as np
import matplotlib.pyplot as plt

np.random.seed(seed=1)
import math
import collections
import os
import random

import json
import multiprocessing

try:
    import torch
except ModuleNotFoundError:
    %pip install torch
    import torch
from torch import nn
from torch.nn import functional as F

try:
    import torchvision
except ModuleNotFoundError:
    %pip install torchvision
    import torchvision

!mkdir figures # for saving plots

!wget https://raw.githubusercontent.com/d2l-ai/d2l-en/master/d2l/torch.py -q -O d2l.py
import d2l
------------------

---------------------------------------------------------------------------
ModuleNotFoundError                       Traceback (most recent call last)
/tmp/ipykernel_4604/4286357975.py in <module>
     13 try:
---> 14     import torch
     15 except ModuleNotFoundError:

ModuleNotFoundError: No module named 'torch'

During handling of the above exception, another exception occurred:

ImportError                               Traceback (most recent call last)
/tmp/ipykernel_4604/4286357975.py in <module>
     15 except ModuleNotFoundError:
     16     get_ipython().run_line_magic('pip', 'install torch')
---> 17     import torch
     18 from torch import nn
     19 from torch.nn import functional as F

~/miniconda3/envs/py37/lib/python3.7/site-packages/torch/__init__.py in <module>
    197     if USE_GLOBAL_DEPS:
    198         _load_global_deps()
--> 199     from torch._C import *  # noqa: F403
    200 
    201 # Appease the type checker; ordinarily this binding is inserted by the

ImportError: /github/home/miniconda3/envs/py37/lib/python3.7/site-packages/torch/lib/libtorch_cuda.so: cannot read file data
ImportError: /github/home/miniconda3/envs/py37/lib/python3.7/site-packages/torch/lib/libtorch_cuda.so: cannot read file data
