An error occurred while executing the following cell:
------------------
import jax
import jax.numpy as jnp
import matplotlib
import matplotlib.pyplot as plt
import arviz as az
import seaborn as sns
import pandas as pd

pd.set_option("display.max_rows", 80)


try:
    import blackjax
except ModuleNotFoundError:
    %pip install -qq jaxopt blackjax
    import blackjax


try:
    import tensorflow_probability.substrates.jax as tfp
except ModuleNotFoundError:
    %pip install -qq tensorflow_probability
    import tensorflow_probability.substrates.jax as tfp

try:
    import probml_utils as pml
except ModuleNotFoundError:
    %pip install -qq git+https://github.com/probml/probml-utils.git
    import probml_utils as pml

from probml_utils.blackjax_utils import inference_loop, inference_loop_multiple_chains, arviz_trace_from_states


tfd = tfp.distributions
------------------

---------------------------------------------------------------------------
ModuleNotFoundError                       Traceback (most recent call last)
/tmp/ipykernel_4125/2097253101.py in <module>
     12 try:
---> 13     import blackjax
     14 except ModuleNotFoundError:

~/miniconda3/envs/py37/lib/python3.7/site-packages/blackjax/__init__.py in <module>
      2 from .diagnostics import potential_scale_reduction as rhat
----> 3 from .kernels import (
      4     adaptive_tempered_smc,

~/miniconda3/envs/py37/lib/python3.7/site-packages/blackjax/kernels.py in <module>
      5 
----> 6 import blackjax.adaptation as adaptation
      7 import blackjax.mcmc as mcmc

~/miniconda3/envs/py37/lib/python3.7/site-packages/blackjax/adaptation/__init__.py in <module>
----> 1 from . import pathfinder_adaptation, window_adaptation
      2 
      3 __all__ = ["window_adaptation", "pathfinder_adaptation"]

~/miniconda3/envs/py37/lib/python3.7/site-packages/blackjax/adaptation/pathfinder_adaptation.py in <module>
      6 
----> 7 from blackjax.adaptation.step_size import (
      8     DualAveragingAdaptationState,

~/miniconda3/envs/py37/lib/python3.7/site-packages/blackjax/adaptation/step_size.py in <module>
      6 
----> 7 import blackjax.optimizers.dual_averaging as dual_averaging
      8 from blackjax.mcmc.hmc import HMCState

~/miniconda3/envs/py37/lib/python3.7/site-packages/blackjax/optimizers/__init__.py in <module>
----> 1 from . import dual_averaging, lbfgs
      2 
      3 __all__ = [

~/miniconda3/envs/py37/lib/python3.7/site-packages/blackjax/optimizers/lbfgs.py in <module>
      5 import jax.random
----> 6 import jaxopt
      7 from jax import lax

ModuleNotFoundError: No module named 'jaxopt'

During handling of the above exception, another exception occurred:

ImportError                               Traceback (most recent call last)
/tmp/ipykernel_4125/2097253101.py in <module>
     14 except ModuleNotFoundError:
     15     get_ipython().run_line_magic('pip', 'install -qq jaxopt blackjax')
---> 16     import blackjax
     17 
     18 

~/miniconda3/envs/py37/lib/python3.7/site-packages/blackjax/__init__.py in <module>
      1 from .diagnostics import effective_sample_size as ess
      2 from .diagnostics import potential_scale_reduction as rhat
----> 3 from .kernels import (
      4     adaptive_tempered_smc,
      5     elliptical_slice,

~/miniconda3/envs/py37/lib/python3.7/site-packages/blackjax/kernels.py in <module>
      4 import jax.numpy as jnp
      5 
----> 6 import blackjax.adaptation as adaptation
      7 import blackjax.mcmc as mcmc
      8 import blackjax.sgmcmc as sgmcmc

~/miniconda3/envs/py37/lib/python3.7/site-packages/blackjax/adaptation/__init__.py in <module>
----> 1 from . import pathfinder_adaptation, window_adaptation
      2 
      3 __all__ = ["window_adaptation", "pathfinder_adaptation"]

~/miniconda3/envs/py37/lib/python3.7/site-packages/blackjax/adaptation/pathfinder_adaptation.py in <module>
      5 import jax.numpy as jnp
      6 
----> 7 from blackjax.adaptation.step_size import (
      8     DualAveragingAdaptationState,
      9     dual_averaging_adaptation,

~/miniconda3/envs/py37/lib/python3.7/site-packages/blackjax/adaptation/step_size.py in <module>
      5 import jax.numpy as jnp
      6 
----> 7 import blackjax.optimizers.dual_averaging as dual_averaging
      8 from blackjax.mcmc.hmc import HMCState
      9 

ImportError: cannot import name 'optimizers' from 'blackjax' (/github/home/miniconda3/envs/py37/lib/python3.7/site-packages/blackjax/__init__.py)
ImportError: cannot import name 'optimizers' from 'blackjax' (/github/home/miniconda3/envs/py37/lib/python3.7/site-packages/blackjax/__init__.py)
