An error occurred while executing the following cell:
------------------
# jeffreys prior for bernoulli using 2 paramterizatiobs
# fig 1.9 of 'Bayeysian Modeling and Computation'


import numpy as np
import matplotlib.pyplot as plt

try:
    import pyprobml_utils as pml
except ModuleNotFoundError:
    %pip install pyprobml_utils
    import pyprobml_utils as pml

θ = np.linspace(0, 1, 100)
κ = θ / (1 - θ)
y = 2
n = 7

_, ax = plt.subplots(2, 2, figsize=(10, 5), sharex="col", sharey="row")

ax[0, 0].set_title("Jeffreys' prior for Alice")
ax[0, 0].plot(θ, θ ** (-0.5) * (1 - θ) ** (-0.5))
ax[1, 0].set_title("Jeffreys' posterior for Alice")
ax[1, 0].plot(θ, θ ** (y - 0.5) * (1 - θ) ** (n - y - 0.5))
ax[1, 0].set_xlabel("θ")
ax[0, 1].set_title("Jeffreys' prior for Bob")
ax[0, 1].plot(κ, κ ** (-0.5) * (1 + κ) ** (-1))
ax[1, 1].set_title("Jeffreys' posterior for Bob")
ax[1, 1].plot(κ, κ ** (y - 0.5) * (1 + κ) ** (-n - 1))
ax[1, 1].set_xlim(-0.5, 10)
ax[1, 1].set_xlabel(r"$\phi$")
ax[1, 1].text(-4.0, 0.030, size=18, s=r"$p(\theta \mid x) \, \frac{d\theta}{d\phi}$")
ax[1, 1].annotate("", xy=(-0.5, 0.025), xytext=(-4.5, 0.025), arrowprops=dict(facecolor="black", shrink=0.05))
ax[1, 1].text(-4.0, 0.007, size=18, s=r"$p(\phi \mid x) \, \frac{d\phi}{d\theta}$")
ax[1, 1].annotate(
    "", xy=(-4.5, 0.015), xytext=(-0.5, 0.015), arrowprops=dict(facecolor="black", shrink=0.05), annotation_clip=False
)

plt.subplots_adjust(wspace=0.4, hspace=0.4)
plt.tight_layout()
pml.save_fig("jeffreys_priors.pdf", dpi=300)
------------------

---------------------------------------------------------------------------
ModuleNotFoundError                       Traceback (most recent call last)
/tmp/ipykernel_2786/3541218750.py in <module>
      8 try:
----> 9     import pyprobml_utils as pml
     10 except ModuleNotFoundError:

ModuleNotFoundError: No module named 'pyprobml_utils'

During handling of the above exception, another exception occurred:

ModuleNotFoundError                       Traceback (most recent call last)
/tmp/ipykernel_2786/3541218750.py in <module>
     10 except ModuleNotFoundError:
     11     get_ipython().run_line_magic('pip', 'install pyprobml_utils')
---> 12     import pyprobml_utils as pml
     13 
     14 θ = np.linspace(0, 1, 100)

ModuleNotFoundError: No module named 'pyprobml_utils'
ModuleNotFoundError: No module named 'pyprobml_utils'
