An error occurred while executing the following cell:
------------------

# We illustrate LKJ prior as discussed in fig 14.3 of
# [Statistical Rethinking ed 2](https://xcelab.net/rm/statistical-rethinking/).
# The numpyro code is from [Du Phan's site]
#https://fehiepsi.github.io/rethinking-numpyro/14-adventures-in-covariance.html



import numpy as np
np.set_printoptions(precision=3)
import matplotlib.pyplot as plt

import jax
print("jax version {}".format(jax.__version__))
print("jax backend {}".format(jax.lib.xla_bridge.get_backend().platform))

import jax.numpy as jnp
from jax import random, vmap

rng_key = random.PRNGKey(0)
rng_key, rng_key_ = random.split(rng_key)

try:
    import numpyro
except ModuleNotFoundError:
    %pip install -qq numpyro
    import numpyro
import numpyro.distributions as dist

try:
    import arviz as az
except ModuleNotFoundError:
    %pip install -qq arviz
    import arviz as az

try:
    import probml_utils as pml
except ModuleNotFoundError:
    %pip install -qq git+https://github.com/probml/probml-utils.git
    import probml_utils as pml

eta_list = [1,2,4]
colors = ['r', 'k', 'b']
fig, ax = plt.subplots()
for i, eta in enumerate(eta_list):
  R = dist.LKJ(dimension=2, concentration=eta).sample(random.PRNGKey(0), (int(1e4),))
  az.plot_kde(R[:, 0, 1], label=f"eta={eta}", plot_kwargs  ={'color': colors[i]})
plt.legend()
ax.set_xlabel('correlation')
ax.set_ylabel('density')
ax.set_ylim(0, 1.2)
ax.set_xlim(-1.1, 1.1)
pml.savefig('LKJ_1d_correlation.pdf', dpi=300)
plt.show()


------------------

---------------------------------------------------------------------------
ModuleNotFoundError                       Traceback (most recent call last)
/tmp/ipykernel_3823/4076008051.py in <module>
     29 try:
---> 30     import arviz as az
     31 except ModuleNotFoundError:

~/miniconda3/envs/py37/lib/python3.7/site-packages/arviz/__init__.py in <module>
     31 
---> 32 from .data import *
     33 from .plots import *

~/miniconda3/envs/py37/lib/python3.7/site-packages/arviz/data/__init__.py in <module>
      1 """Code for loading and manipulating data structures."""
----> 2 from .base import CoordSpec, DimSpec, dict_to_dataset, numpy_to_data_array
      3 from .converters import convert_to_dataset, convert_to_inference_data

~/miniconda3/envs/py37/lib/python3.7/site-packages/arviz/data/base.py in <module>
      9 import numpy as np
---> 10 import pkg_resources
     11 import xarray as xr

ModuleNotFoundError: No module named 'pkg_resources'

During handling of the above exception, another exception occurred:

ModuleNotFoundError                       Traceback (most recent call last)
/tmp/ipykernel_3823/4076008051.py in <module>
     31 except ModuleNotFoundError:
     32     get_ipython().run_line_magic('pip', 'install -qq arviz')
---> 33     import arviz as az
     34 
     35 try:

~/miniconda3/envs/py37/lib/python3.7/site-packages/arviz/__init__.py in <module>
     30 
     31 
---> 32 from .data import *
     33 from .plots import *
     34 from .plots.backends import *

~/miniconda3/envs/py37/lib/python3.7/site-packages/arviz/data/__init__.py in <module>
      1 """Code for loading and manipulating data structures."""
----> 2 from .base import CoordSpec, DimSpec, dict_to_dataset, numpy_to_data_array
      3 from .converters import convert_to_dataset, convert_to_inference_data
      4 from .datasets import clear_data_home, list_datasets, load_arviz_data
      5 from .inference_data import InferenceData, concat

~/miniconda3/envs/py37/lib/python3.7/site-packages/arviz/data/base.py in <module>
      8 
      9 import numpy as np
---> 10 import pkg_resources
     11 import xarray as xr
     12 

ModuleNotFoundError: No module named 'pkg_resources'
ModuleNotFoundError: No module named 'pkg_resources'
