An error occurred while executing the following cell:
------------------

# We illustrate LKJ prior as discussed in fig 14.3 of
# [Statistical Rethinking ed 2](https://xcelab.net/rm/statistical-rethinking/).
# The numpyro code is from [Du Phan's site]
#https://fehiepsi.github.io/rethinking-numpyro/14-adventures-in-covariance.html



import numpy as np
np.set_printoptions(precision=3)
import matplotlib.pyplot as plt

import jax
print("jax version {}".format(jax.__version__))
print("jax backend {}".format(jax.lib.xla_bridge.get_backend().platform))

import jax.numpy as jnp
from jax import random, vmap

rng_key = random.PRNGKey(0)
rng_key, rng_key_ = random.split(rng_key)

try:
    import numpyro
except ModuleNotFoundError:
    %pip install -qq numpyro
    import numpyro
import numpyro.distributions as dist

try:
    import arviz as az
except ModuleNotFoundError:
    %pip install -qq arviz
    import arviz as az

try:
    import probml_utils as pml
except ModuleNotFoundError:
    %pip install -qq git+https://github.com/probml/probml-utils.git
    import probml_utils as pml

eta_list = [1,2,4]
colors = ['r', 'k', 'b']
fig, ax = plt.subplots()
for i, eta in enumerate(eta_list):
  R = dist.LKJ(dimension=2, concentration=eta).sample(random.PRNGKey(0), (int(1e4),))
  az.plot_kde(R[:, 0, 1], label=f"eta={eta}", plot_kwargs  ={'color': colors[i]})
plt.legend()
ax.set_xlabel('correlation')
ax.set_ylabel('density')
ax.set_ylim(0, 1.2)
ax.set_xlim(-1.1, 1.1)
pml.savefig('LKJ_1d_correlation.pdf', dpi=300)
plt.show()


------------------

---------------------------------------------------------------------------
ModuleNotFoundError                       Traceback (most recent call last)
/tmp/ipykernel_4070/4076008051.py in <module>
     22 try:
---> 23     import numpyro
     24 except ModuleNotFoundError:

ModuleNotFoundError: No module named 'numpyro'

During handling of the above exception, another exception occurred:

ImportError                               Traceback (most recent call last)
/tmp/ipykernel_4070/4076008051.py in <module>
     24 except ModuleNotFoundError:
     25     get_ipython().run_line_magic('pip', 'install -qq numpyro')
---> 26     import numpyro
     27 import numpyro.distributions as dist
     28 

~/miniconda3/envs/py37/lib/python3.7/site-packages/numpyro/__init__.py in <module>
      4 import logging
      5 
----> 6 from numpyro import compat, diagnostics, distributions, handlers, infer, optim
      7 from numpyro.contrib.render import render_model
      8 from numpyro.distributions.distribution import enable_validation, validation_enabled

~/miniconda3/envs/py37/lib/python3.7/site-packages/numpyro/distributions/__init__.py in <module>
      2 # SPDX-License-Identifier: Apache-2.0
      3 
----> 4 from numpyro.distributions.conjugate import (
      5     BetaBinomial,
      6     DirichletMultinomial,

~/miniconda3/envs/py37/lib/python3.7/site-packages/numpyro/distributions/conjugate.py in <module>
      8 from numpyro.distributions import constraints
      9 from numpyro.distributions.continuous import Beta, Dirichlet, Gamma
---> 10 from numpyro.distributions.discrete import (
     11     BinomialProbs,
     12     MultinomialProbs,

~/miniconda3/envs/py37/lib/python3.7/site-packages/numpyro/distributions/discrete.py in <module>
     34 from jax.nn import softmax, softplus
     35 import jax.numpy as jnp
---> 36 from jax.ops import index_add
     37 import jax.random as random
     38 from jax.scipy.special import expit, gammaincc, gammaln, logsumexp, xlog1py, xlogy

ImportError: cannot import name 'index_add' from 'jax.ops' (/github/home/miniconda3/envs/py37/lib/python3.7/site-packages/jax/ops/__init__.py)
ImportError: cannot import name 'index_add' from 'jax.ops' (/github/home/miniconda3/envs/py37/lib/python3.7/site-packages/jax/ops/__init__.py)
