An error occurred while executing the following cell:
------------------
# Tests min and variance to check whether Newcomb's speed of light data is Gaussian or not
# Author : Aleyna Kara
# This file is generated from https://github.com/probml/pmtk3/blob/master/demos/newcombPlugin.m


try:
    import probml_utils as pml
except ModuleNotFoundError:
    %pip install -qq git+https://github.com/probml/probml-utils.git
    import probml_utils as pml
import numpy as np
import requests
import matplotlib.pyplot as plt
import os
import seaborn as sns
------------------

---------------------------------------------------------------------------
ModuleNotFoundError                       Traceback (most recent call last)
/tmp/ipykernel_4045/3903937767.py in <module>
      6 try:
----> 7     import probml_utils as pml
      8 except ModuleNotFoundError:

ModuleNotFoundError: No module named 'probml_utils'

During handling of the above exception, another exception occurred:

ModuleNotFoundError                       Traceback (most recent call last)
/tmp/ipykernel_4045/3903937767.py in <module>
      8 except ModuleNotFoundError:
      9     get_ipython().run_line_magic('pip', 'install -qq git+https://github.com/probml/probml-utils.git')
---> 10     import probml_utils as pml
     11 import numpy as np
     12 import requests

ModuleNotFoundError: No module named 'probml_utils'
ModuleNotFoundError: No module named 'probml_utils'
