An error occurred while executing the following cell:
------------------
x = pd.Series(states_cent.position["mu"][:, 0], name="mu")
y = pd.Series(jnp.log(states_cent.position["tou"][:, 0]), name="log sigma_alpha")
sns.jointplot(x, y, xlim=xlim, ylim=ylim)
plt.suptitle("centered")
plt.savefig("schools8_centered_joint.png", dpi=300)

x = pd.Series(states_non_cent.position["mu"][:, 0], name="mu")
y = pd.Series(jnp.log(states_non_cent.position["tou"][:, 0]), name="log sigma_alpha")
sns.jointplot(x, y, xlim=xlim, ylim=ylim)
plt.suptitle("noncentered")
plt.savefig("schools8_noncentered_joint.png", dpi=300)
------------------

---------------------------------------------------------------------------
TypeError                                 Traceback (most recent call last)
/tmp/ipykernel_4075/3223132442.py in <module>
      1 x = pd.Series(states_cent.position["mu"][:, 0], name="mu")
      2 y = pd.Series(jnp.log(states_cent.position["tou"][:, 0]), name="log sigma_alpha")
----> 3 sns.jointplot(x, y, xlim=xlim, ylim=ylim)
      4 plt.suptitle("centered")
      5 plt.savefig("schools8_centered_joint.png", dpi=300)

TypeError: jointplot() takes from 0 to 1 positional arguments but 2 positional arguments (and 2 keyword-only arguments) were given
TypeError: jointplot() takes from 0 to 1 positional arguments but 2 positional arguments (and 2 keyword-only arguments) were given
