An error occurred while executing the following cell:
------------------
import jax
import jax.numpy as jnp
from jax import lax
import numpy as np
import matplotlib.pyplot as plt

try:
    from tensorflow_probability.substrates import jax as tfp
except ModuleNotFoundError:
    %pip install -qqq tensorflow_probability
    from tensorflow_probability.substrates import jax as tfp

dist = tfp.distributions


try:
    import pymc3 as pm
except ModuleNotFoundError:
    %pip install -qq pymc3
    import pymc3 as pm

try:
    import scipy.stats as stats
except ModuleNotFoundError:
    %pip install -qq scipy
    import scipy.stats as stats

import scipy.special as sp

try:
    import arviz as az
except ModuleNotFoundError:
    %pip install -qq arviz
    import arviz as az

import math
------------------

---------------------------------------------------------------------------
OSError                                   Traceback (most recent call last)
/tmp/ipykernel_5470/852505752.py in <module>
     11     from tensorflow_probability.substrates import jax as tfp
     12 
---> 13 dist = tfp.distributions
     14 
     15 

~/miniconda3/envs/py37/lib/python3.7/site-packages/tensorflow_probability/python/internal/lazy_loader.py in __getattr__(self, item)
     51 
     52   def __getattr__(self, item):
---> 53     module = self._load()
     54     return getattr(module, item)
     55 

~/miniconda3/envs/py37/lib/python3.7/site-packages/tensorflow_probability/python/internal/lazy_loader.py in _load(self)
     38       self._on_first_access = None
     39     # Import the target module and insert it into the parent's namespace
---> 40     module = importlib.import_module(self.__name__)
     41     if self._parent_module_globals is not None:
     42       self._parent_module_globals[self._local_name] = module

~/miniconda3/envs/py37/lib/python3.7/importlib/__init__.py in import_module(name, package)
    125                 break
    126             level += 1
--> 127     return _bootstrap._gcd_import(name[level:], package, level)
    128 
    129 

~/miniconda3/envs/py37/lib/python3.7/importlib/_bootstrap.py in _gcd_import(name, package, level)

~/miniconda3/envs/py37/lib/python3.7/importlib/_bootstrap.py in _find_and_load(name, import_)

~/miniconda3/envs/py37/lib/python3.7/importlib/_bootstrap.py in _find_and_load_unlocked(name, import_)

~/miniconda3/envs/py37/lib/python3.7/importlib/_bootstrap.py in _load_unlocked(spec)

~/miniconda3/envs/py37/lib/python3.7/importlib/_bootstrap_external.py in exec_module(self, module)

~/miniconda3/envs/py37/lib/python3.7/importlib/_bootstrap.py in _call_with_frames_removed(f, *args, **kwds)

~/miniconda3/envs/py37/lib/python3.7/site-packages/tensorflow_probability/substrates/jax/__init__.py in <module>
     39 from tensorflow_probability.python.version import __version__
     40 # from tensorflow_probability.substrates.jax.google import staging  # DisableOnExport  # pylint:disable=line-too-long
---> 41 from tensorflow_probability.substrates.jax import bijectors
     42 from tensorflow_probability.substrates.jax import distributions
     43 from tensorflow_probability.substrates.jax import experimental

~/miniconda3/envs/py37/lib/python3.7/site-packages/tensorflow_probability/substrates/jax/bijectors/__init__.py in <module>
     17 # pylint: disable=unused-import,wildcard-import,line-too-long,g-importing-member
     18 
---> 19 from tensorflow_probability.substrates.jax.bijectors.absolute_value import AbsoluteValue
     20 from tensorflow_probability.substrates.jax.bijectors.ascending import Ascending
     21 # from tensorflow_probability.substrates.jax.bijectors.batch_normalization import BatchNormalization

~/miniconda3/envs/py37/lib/python3.7/site-packages/tensorflow_probability/substrates/jax/bijectors/absolute_value.py in <module>
     15 """AbsoluteValue bijector."""
     16 
---> 17 from tensorflow_probability.python.internal.backend.jax.compat import v2 as tf
     18 
     19 from tensorflow_probability.substrates.jax.bijectors import bijector

~/miniconda3/envs/py37/lib/python3.7/site-packages/tensorflow_probability/python/internal/backend/jax/__init__.py in <module>
     16 
     17 from tensorflow_probability.python.internal.backend.jax import __internal__
---> 18 from tensorflow_probability.python.internal.backend.jax import bitwise
     19 from tensorflow_probability.python.internal.backend.jax import compat
     20 from tensorflow_probability.python.internal.backend.jax import config

~/miniconda3/envs/py37/lib/python3.7/site-packages/tensorflow_probability/python/internal/backend/jax/bitwise.py in <module>
     17 import numpy as onp; import jax.numpy as np
     18 
---> 19 from tensorflow_probability.python.internal.backend.jax import _utils as utils
     20 
     21 __all__ = [

~/miniconda3/envs/py37/lib/python3.7/site-packages/tensorflow_probability/python/internal/backend/jax/_utils.py in <module>
     23 
     24 try:
---> 25   from tensorflow.python.ops import array_ops  # pylint: disable=g-direct-tensorflow-import,g-import-not-at-top,unused-import
     26   from tensorflow.python.ops import random_ops  # pylint: disable=g-direct-tensorflow-import,g-import-not-at-top,unused-import
     27   import tensorflow.compat.v1 as tf1  # pylint: disable=g-import-not-at-top,unused-import

~/miniconda3/envs/py37/lib/python3.7/site-packages/tensorflow/__init__.py in <module>
     35 import typing as _typing
     36 
---> 37 from tensorflow.python.tools import module_util as _module_util
     38 from tensorflow.python.util.lazy_loader import LazyLoader as _LazyLoader
     39 

~/miniconda3/envs/py37/lib/python3.7/site-packages/tensorflow/python/__init__.py in <module>
     34 # pylint: disable=wildcard-import,g-bad-import-order,g-import-not-at-top
     35 
---> 36 from tensorflow.python import pywrap_tensorflow as _pywrap_tensorflow
     37 from tensorflow.python.eager import context
     38 

~/miniconda3/envs/py37/lib/python3.7/site-packages/tensorflow/python/pywrap_tensorflow.py in <module>
     24 
     25 # Perform pre-load sanity checks in order to produce a more actionable error.
---> 26 self_check.preload_check()
     27 
     28 # pylint: disable=wildcard-import,g-import-not-at-top,unused-import,line-too-long

~/miniconda3/envs/py37/lib/python3.7/site-packages/tensorflow/python/platform/self_check.py in preload_check()
     63     cpu_feature_guard_library = os.path.join(
     64         os.path.dirname(__file__), "../../core/platform/_cpu_feature_guard.so")
---> 65     ctypes.CDLL(cpu_feature_guard_library)

~/miniconda3/envs/py37/lib/python3.7/ctypes/__init__.py in __init__(self, name, mode, handle, use_errno, use_last_error)
    362 
    363         if handle is None:
--> 364             self._handle = _dlopen(self._name, mode)
    365         else:
    366             self._handle = handle

OSError: /github/home/miniconda3/envs/py37/lib/python3.7/site-packages/tensorflow/python/platform/../../core/platform/_cpu_feature_guard.so: cannot open shared object file: No such file or directory
OSError: /github/home/miniconda3/envs/py37/lib/python3.7/site-packages/tensorflow/python/platform/../../core/platform/_cpu_feature_guard.so: cannot open shared object file: No such file or directory
