An error occurred while executing the following cell:
------------------
import matplotlib.pyplot as plt

try:
    from probml_utils import savefig, latexify, is_latexify_enabled
except ModuleNotFoundError:
    %pip install -qq git+https://github.com/probml/probml-utils.git
    from probml_utils import savefig, latexify, is_latexify_enabled

try:
    import tensorflow_probability.substrates.jax as tfp
except ModuleNotFoundError:
    %pip install -qq tensorflow_probability
    import tensorflow_probability.substrates.jax as tfp
try:
    import jax
    import jax.numpy as jnp
except ModuleNotFoundError:
    %pip install -qq jax
    import jax
    import jax.numpy as np
tfd = tfp.distributions
latexify(width_scale_factor=2, fig_height=1.85)
------------------

---------------------------------------------------------------------------
ModuleNotFoundError                       Traceback (most recent call last)
/tmp/ipykernel_4042/2194748959.py in <module>
      9 try:
---> 10     import tensorflow_probability.substrates.jax as tfp
     11 except ModuleNotFoundError:

~/miniconda3/envs/py37/lib/python3.7/site-packages/tensorflow_probability/substrates/jax/__init__.py in <module>
     35 
---> 36 _ensure_jax_install()
     37 del _ensure_jax_install  # Cleanup symbol to avoid polluting namespace.

~/miniconda3/envs/py37/lib/python3.7/site-packages/tensorflow_probability/substrates/jax/__init__.py in _ensure_jax_install()
     28   try:
---> 29     import jax
     30     del jax

ModuleNotFoundError: No module named 'jax'

During handling of the above exception, another exception occurred:

ModuleNotFoundError                       Traceback (most recent call last)
/tmp/ipykernel_4042/2194748959.py in <module>
     11 except ModuleNotFoundError:
     12     get_ipython().run_line_magic('pip', 'install -qq tensorflow_probability')
---> 13     import tensorflow_probability.substrates.jax as tfp
     14 try:
     15     import jax

~/miniconda3/envs/py37/lib/python3.7/site-packages/tensorflow_probability/substrates/jax/__init__.py in <module>
     34     raise
     35 
---> 36 _ensure_jax_install()
     37 del _ensure_jax_install  # Cleanup symbol to avoid polluting namespace.
     38 

~/miniconda3/envs/py37/lib/python3.7/site-packages/tensorflow_probability/substrates/jax/__init__.py in _ensure_jax_install()
     27   """
     28   try:
---> 29     import jax
     30     del jax
     31   except ImportError:

ModuleNotFoundError: No module named 'jax'
ModuleNotFoundError: No module named 'jax'
