An error occurred while executing the following cell:
------------------
import numpy as np

import jax
from jax.random import split, PRNGKey
import jax.numpy as jnp
from jax import jit, lax, vmap
from jax.experimental import optimizers

try:
    import tensorflow_probability as tfp
except ModuleNotFoundError:
    %pip install -qq tensorflow-probability
    import tensorflow_probability as tfp

from matplotlib import pylab as plt

%matplotlib inline
import scipy.stats

try:
    import distrax
except ModuleNotFoundError:
    %pip install -qq distrax
    import distrax
from distrax import HMM
------------------

---------------------------------------------------------------------------
ImportError                               Traceback (most recent call last)
/tmp/ipykernel_4350/3072030163.py in <module>
      5 import jax.numpy as jnp
      6 from jax import jit, lax, vmap
----> 7 from jax.experimental import optimizers
      8 
      9 try:

ImportError: cannot import name 'optimizers' from 'jax.experimental' (/github/home/miniconda3/envs/py37/lib/python3.7/site-packages/jax/experimental/__init__.py)
ImportError: cannot import name 'optimizers' from 'jax.experimental' (/github/home/miniconda3/envs/py37/lib/python3.7/site-packages/jax/experimental/__init__.py)
