An error occurred while executing the following cell:
------------------
# Import Libraries
import sls, sps, adasls
import pandas as pd
import torch, copy, pprint
import numpy as np
import os, shutil, torchvision
import tqdm.notebook as tqdm
import sklearn
import torch.nn.functional as F

from sklearn import preprocessing
from sklearn.datasets import load_iris
from haven import haven_results as hr
from haven import haven_utils as hu
from torch import nn
from torch.utils.data import DataLoader, TensorDataset
from sklearn.model_selection import train_test_split
from google.colab import data_table

# from torchnlp.datasets.imdb import imdb_dataset
------------------

---------------------------------------------------------------------------
ModuleNotFoundError                       Traceback (most recent call last)
/tmp/ipykernel_841/3506562474.py in <module>
     16 from torch.utils.data import DataLoader, TensorDataset
     17 from sklearn.model_selection import train_test_split
---> 18 from google.colab import data_table
     19 
     20 # from torchnlp.datasets.imdb import imdb_dataset

ModuleNotFoundError: No module named 'google'
ModuleNotFoundError: No module named 'google'
