An error occurred while executing the following cell:
------------------
# Define and train the model
def loss(params):
    return model.apply(params, x, y, t)[0]


model = GPdeep()
params = model.init(jax.random.PRNGKey(1234), x, y, t)
tx = optax.sgd(learning_rate=1e-4)
opt_state = tx.init(params)
loss_grad_fn = jax.jit(jax.value_and_grad(loss))
for i in range(1000):
    loss_val, grads = loss_grad_fn(params)
    updates, opt_state = tx.update(grads, opt_state)
    params = optax.apply_updates(params, updates)
------------------

---------------------------------------------------------------------------
TypeError                                 Traceback (most recent call last)
/tmp/ipykernel_2866/3617792424.py in <module>
      5 
      6 model = GPdeep()
----> 7 params = model.init(jax.random.PRNGKey(1234), x, y, t)
      8 tx = optax.sgd(learning_rate=1e-4)
      9 opt_state = tx.init(params)

    [... skipping hidden 11 frame]

/tmp/ipykernel_2866/719776813.py in __call__(self, x, y, t)
     51             kernel, x[:, None], diag=jnp.exp(2 * log_jitter)
     52         )
---> 53         return -gp.condition(y), gp.predict(y, t[:, None], return_var=True)
     54 
     55 

TypeError: bad operand type for unary -: 'ConditionResult'
TypeError: bad operand type for unary -: 'ConditionResult'
