An error occurred while executing the following cell:
------------------
model = GPModule()
params = model.init(jax.random.PRNGKey(0), x, y, x_test)
tx = optax.sgd(learning_rate=3e-3)
opt_state = tx.init(params)
loss_grad_fn = jax.jit(jax.value_and_grad(loss))

losses = []
for i in range(1001):
    loss_val, grads = loss_grad_fn(params)
    losses.append(loss_val)
    updates, opt_state = tx.update(grads, opt_state)
    params = optax.apply_updates(params, updates)

plt.plot(losses)
plt.ylabel("negative log likelihood")
_ = plt.xlabel("step number")
------------------

---------------------------------------------------------------------------
AttributeError                            Traceback (most recent call last)
/tmp/ipykernel_3683/3357705884.py in <module>
      1 model = GPModule()
----> 2 params = model.init(jax.random.PRNGKey(0), x, y, x_test)
      3 tx = optax.sgd(learning_rate=3e-3)
      4 opt_state = tx.init(params)
      5 loss_grad_fn = jax.jit(jax.value_and_grad(loss))

    [... skipping hidden 11 frame]

/tmp/ipykernel_3683/3123926733.py in __call__(self, x, y, t)
     45         kernel = kernel1 + kernel2
     46         gp = GaussianProcess(
---> 47             kernel, x, diag=jnp.exp(log_jitter), mean=mean
     48         )
     49 

~/miniconda3/envs/py37/lib/python3.7/site-packages/tinygp/gp.py in __init__(self, kernel, X, diag, mean, lower)
     43         self.kernel = kernel
     44         self.K0 = self.kernel.evaluate(X, X)
---> 45         self.K = jax.ops.index_add(
     46             self.K0, jnp.diag_indices(self.X.shape[0]), self.diag
     47         )

AttributeError: module 'jax.ops' has no attribute 'index_add'
AttributeError: module 'jax.ops' has no attribute 'index_add'
