An error occurred while executing the following cell:
------------------
import jax
import jax.numpy as jnp
import seaborn as sns
import matplotlib.pyplot as plt

try:
    from probml_utils import latexify, savefig, is_latexify_enabled
except ModuleNotFoundError:
    %pip install git+https://github.com/probml/probml-utils.git
    from probml_utils import latexify, savefig, is_latexify_enabled

jax.config.update("jax_enable_x64", True)

try:
    import tinygp
except ModuleNotFoundError:
    %pip install -qqq tinygp
    import tinygp

try:
    import jaxopt
except ModuleNotFoundError:
    %pip install jaxopt
    import jaxopt

from tinygp import GaussianProcess, kernels
import time
from sklearn.kernel_ridge import KernelRidge
from sklearn.model_selection import GridSearchCV
from sklearn.gaussian_process.kernels import ExpSineSquared

latexify(width_scale_factor=1, fig_height=2)
marksize = 10 if is_latexify_enabled() else 30
------------------

---------------------------------------------------------------------------
ModuleNotFoundError                       Traceback (most recent call last)
/tmp/ipykernel_3765/2417829496.py in <module>
      6 try:
----> 7     from probml_utils import latexify, savefig, is_latexify_enabled
      8 except ModuleNotFoundError:

ModuleNotFoundError: No module named 'probml_utils'

During handling of the above exception, another exception occurred:

ModuleNotFoundError                       Traceback (most recent call last)
/tmp/ipykernel_3765/2417829496.py in <module>
      8 except ModuleNotFoundError:
      9     get_ipython().run_line_magic('pip', 'install git+https://github.com/probml/probml-utils.git')
---> 10     from probml_utils import latexify, savefig, is_latexify_enabled
     11 
     12 jax.config.update("jax_enable_x64", True)

ModuleNotFoundError: No module named 'probml_utils'
ModuleNotFoundError: No module named 'probml_utils'
