An error occurred while executing the following cell:
------------------
# Imports
%matplotlib inline
import matplotlib.pyplot as plt
import matplotlib.colors as colors
import jax
import jax.numpy as jnp
import numpy as np

try:
    import sklearn.datasets
except ModuleNotFoundError:
    %pip install -qq -U scikit-learn
    import sklearn.datasets

try:
    import flax
    import flax.linen as nn
    from flax.training import train_state
except ModuleNotFoundError:
    %pip install -qq -U flax
    import flax
    import flax.linen as nn
    from flax.training import train_state

try:
    import optax
except ModuleNotFoundError:
    %pip install -qq -U optax
    import optax

try:
    import edward2.jax as ed
except ModuleNotFoundError:
    %pip install -qq -U "git+https://github.com/google/edward2.git#egg=edward2"
    import edward2.jax as ed
------------------

---------------------------------------------------------------------------
ModuleNotFoundError                       Traceback (most recent call last)
~/miniconda3/envs/py37/lib/python3.7/site-packages/jax/_src/lib/__init__.py in <module>

ModuleNotFoundError: No module named 'jaxlib'

The above exception was the direct cause of the following exception:

ModuleNotFoundError                       Traceback (most recent call last)
/tmp/ipykernel_3967/608523586.py in <module>
      3 import matplotlib.pyplot as plt
      4 import matplotlib.colors as colors
----> 5 import jax
      6 import jax.numpy as jnp
      7 import numpy as np

~/miniconda3/envs/py37/lib/python3.7/site-packages/jax/__init__.py in <module>

~/miniconda3/envs/py37/lib/python3.7/site-packages/jax/config.py in <module>

~/miniconda3/envs/py37/lib/python3.7/site-packages/jax/_src/config.py in <module>

~/miniconda3/envs/py37/lib/python3.7/site-packages/jax/_src/lib/__init__.py in <module>

ModuleNotFoundError: jax requires jaxlib to be installed. See https://github.com/google/jax#installation for installation instructions.
ModuleNotFoundError: jax requires jaxlib to be installed. See https://github.com/google/jax#installation for installation instructions.
