An error occurred while executing the following cell:
------------------
try:
    import probml_utils as pml
except ModuleNotFoundError:
    %pip install -qq git+https://github.com/probml/probml-utils.git
    import probml_utils as pml

from probml_utils.dp_mixgauss_utils import NormalInverseWishart, gmm_gibbs, dp_mixgauss_gibbs

import jax.numpy as jnp
from jax import random, vmap
import matplotlib.pyplot as plt
from matplotlib.ticker import MaxNLocator
import numpy as np
from matplotlib.patches import Ellipse, transforms
------------------

---------------------------------------------------------------------------
TypeError                                 Traceback (most recent call last)
/tmp/ipykernel_3761/400897933.py in <module>
      5     import probml_utils as pml
      6 
----> 7 from probml_utils.dp_mixgauss_utils import NormalInverseWishart, gmm_gibbs, dp_mixgauss_gibbs
      8 
      9 import jax.numpy as jnp

~/miniconda3/envs/py37/lib/python3.7/site-packages/probml_utils/dp_mixgauss_utils.py in <module>
     13 # https://github.com/lindermanlab/hackathons/blob/master/notebooks/TFP_Normal_Inverse_Wishart_(Part_2).ipynb
     14 
---> 15 import tensorflow_probability.substrates.jax as tfp
     16 tfd = tfp.distributions
     17 tfb = tfp.bijectors

~/miniconda3/envs/py37/lib/python3.7/site-packages/tensorflow_probability/substrates/jax/__init__.py in <module>
     39 from tensorflow_probability.python.version import __version__
     40 # from tensorflow_probability.substrates.jax.google import staging  # DisableOnExport  # pylint:disable=line-too-long
---> 41 from tensorflow_probability.substrates.jax import bijectors
     42 from tensorflow_probability.substrates.jax import distributions
     43 from tensorflow_probability.substrates.jax import experimental

~/miniconda3/envs/py37/lib/python3.7/site-packages/tensorflow_probability/substrates/jax/bijectors/__init__.py in <module>
     17 # pylint: disable=unused-import,wildcard-import,line-too-long,g-importing-member
     18 
---> 19 from tensorflow_probability.substrates.jax.bijectors.absolute_value import AbsoluteValue
     20 from tensorflow_probability.substrates.jax.bijectors.ascending import Ascending
     21 # from tensorflow_probability.substrates.jax.bijectors.batch_normalization import BatchNormalization

~/miniconda3/envs/py37/lib/python3.7/site-packages/tensorflow_probability/substrates/jax/bijectors/absolute_value.py in <module>
     15 """AbsoluteValue bijector."""
     16 
---> 17 from tensorflow_probability.python.internal.backend.jax.compat import v2 as tf
     18 
     19 from tensorflow_probability.substrates.jax.bijectors import bijector

~/miniconda3/envs/py37/lib/python3.7/site-packages/tensorflow_probability/python/internal/backend/jax/__init__.py in <module>
     16 
     17 from tensorflow_probability.python.internal.backend.jax import __internal__
---> 18 from tensorflow_probability.python.internal.backend.jax import bitwise
     19 from tensorflow_probability.python.internal.backend.jax import compat
     20 from tensorflow_probability.python.internal.backend.jax import config

~/miniconda3/envs/py37/lib/python3.7/site-packages/tensorflow_probability/python/internal/backend/jax/bitwise.py in <module>
     17 import numpy as onp; import jax.numpy as np
     18 
---> 19 from tensorflow_probability.python.internal.backend.jax import _utils as utils
     20 
     21 __all__ = [

~/miniconda3/envs/py37/lib/python3.7/site-packages/tensorflow_probability/python/internal/backend/jax/_utils.py in <module>
     23 
     24 try:
---> 25   from tensorflow.python.ops import array_ops  # pylint: disable=g-direct-tensorflow-import,g-import-not-at-top,unused-import
     26   from tensorflow.python.ops import random_ops  # pylint: disable=g-direct-tensorflow-import,g-import-not-at-top,unused-import
     27   import tensorflow.compat.v1 as tf1  # pylint: disable=g-import-not-at-top,unused-import

~/miniconda3/envs/py37/lib/python3.7/site-packages/tensorflow/__init__.py in <module>
     35 import typing as _typing
     36 
---> 37 from tensorflow.python.tools import module_util as _module_util
     38 from tensorflow.python.util.lazy_loader import LazyLoader as _LazyLoader
     39 

~/miniconda3/envs/py37/lib/python3.7/site-packages/tensorflow/python/__init__.py in <module>
     35 
     36 from tensorflow.python import pywrap_tensorflow as _pywrap_tensorflow
---> 37 from tensorflow.python.eager import context
     38 
     39 # pylint: enable=wildcard-import

~/miniconda3/envs/py37/lib/python3.7/site-packages/tensorflow/python/eager/context.py in <module>
     27 import six
     28 
---> 29 from tensorflow.core.framework import function_pb2
     30 from tensorflow.core.protobuf import config_pb2
     31 from tensorflow.core.protobuf import coordination_config_pb2

~/miniconda3/envs/py37/lib/python3.7/site-packages/tensorflow/core/framework/function_pb2.py in <module>
     14 
     15 
---> 16 from tensorflow.core.framework import attr_value_pb2 as tensorflow_dot_core_dot_framework_dot_attr__value__pb2
     17 from tensorflow.core.framework import node_def_pb2 as tensorflow_dot_core_dot_framework_dot_node__def__pb2
     18 from tensorflow.core.framework import op_def_pb2 as tensorflow_dot_core_dot_framework_dot_op__def__pb2

~/miniconda3/envs/py37/lib/python3.7/site-packages/tensorflow/core/framework/attr_value_pb2.py in <module>
     14 
     15 
---> 16 from tensorflow.core.framework import tensor_pb2 as tensorflow_dot_core_dot_framework_dot_tensor__pb2
     17 from tensorflow.core.framework import tensor_shape_pb2 as tensorflow_dot_core_dot_framework_dot_tensor__shape__pb2
     18 from tensorflow.core.framework import types_pb2 as tensorflow_dot_core_dot_framework_dot_types__pb2

~/miniconda3/envs/py37/lib/python3.7/site-packages/tensorflow/core/framework/tensor_pb2.py in <module>
     14 
     15 
---> 16 from tensorflow.core.framework import resource_handle_pb2 as tensorflow_dot_core_dot_framework_dot_resource__handle__pb2
     17 from tensorflow.core.framework import tensor_shape_pb2 as tensorflow_dot_core_dot_framework_dot_tensor__shape__pb2
     18 from tensorflow.core.framework import types_pb2 as tensorflow_dot_core_dot_framework_dot_types__pb2

~/miniconda3/envs/py37/lib/python3.7/site-packages/tensorflow/core/framework/resource_handle_pb2.py in <module>
     14 
     15 
---> 16 from tensorflow.core.framework import tensor_shape_pb2 as tensorflow_dot_core_dot_framework_dot_tensor__shape__pb2
     17 from tensorflow.core.framework import types_pb2 as tensorflow_dot_core_dot_framework_dot_types__pb2
     18 

~/miniconda3/envs/py37/lib/python3.7/site-packages/tensorflow/core/framework/tensor_shape_pb2.py in <module>
     40       message_type=None, enum_type=None, containing_type=None,
     41       is_extension=False, extension_scope=None,
---> 42       serialized_options=None, file=DESCRIPTOR),
     43     _descriptor.FieldDescriptor(
     44       name='name', full_name='tensorflow.TensorShapeProto.Dim.name', index=1,

~/miniconda3/envs/py37/lib/python3.7/site-packages/google/protobuf/descriptor.py in __new__(cls, name, full_name, index, number, type, cpp_type, label, default_value, message_type, enum_type, containing_type, is_extension, extension_scope, options, serialized_options, has_default_value, containing_oneof, json_name, file, create_key)
    558                 has_default_value=True, containing_oneof=None, json_name=None,
    559                 file=None, create_key=None):  # pylint: disable=redefined-builtin
--> 560       _message.Message._CheckCalledFromGeneratedFile()
    561       if is_extension:
    562         return _message.default_pool.FindExtensionByName(full_name)

TypeError: Descriptors cannot not be created directly.
If this call came from a _pb2.py file, your generated code is out of date and must be regenerated with protoc >= 3.19.0.
If you cannot immediately regenerate your protos, some other possible workarounds are:
 1. Downgrade the protobuf package to 3.20.x or lower.
 2. Set PROTOCOL_BUFFERS_PYTHON_IMPLEMENTATION=python (but this will use pure-Python parsing and will be much slower).

More information: https://developers.google.com/protocol-buffers/docs/news/2022-05-06#python-updates
TypeError: Descriptors cannot not be created directly.
If this call came from a _pb2.py file, your generated code is out of date and must be regenerated with protoc >= 3.19.0.
If you cannot immediately regenerate your protos, some other possible workarounds are:
 1. Downgrade the protobuf package to 3.20.x or lower.
 2. Set PROTOCOL_BUFFERS_PYTHON_IMPLEMENTATION=python (but this will use pure-Python parsing and will be much slower).

More information: https://developers.google.com/protocol-buffers/docs/news/2022-05-06#python-updates
