An error occurred while executing the following cell:
------------------
# Illustrate parity check code using a directed graphical model
# Authors: murphyk@, Drishtii@
# Based on
# https://github.com/probml/pmtk3/blob/master/demos/errorCorrectingCodeDemo.m


try:
    import probml_utils as pml
except ModuleNotFoundError:
    %pip install -qq git+https://github.com/probml/probml-utils.git
    import probml_utils as pml

import probml_utils.pgmpy_utils as pgm

try:
    from pgmpy.models import BayesianModel
except ModuleNotFoundError:
    %pip install -qq pgmpy
    from pgmpy.models import BayesianModel

from pgmpy.factors.discrete import TabularCPD
import numpy as np
import matplotlib.pyplot as plt
------------------

---------------------------------------------------------------------------
ModuleNotFoundError                       Traceback (most recent call last)
/tmp/ipykernel_3837/3050749607.py in <module>
      7 try:
----> 8     import probml_utils as pml
      9 except ModuleNotFoundError:

ModuleNotFoundError: No module named 'probml_utils'

During handling of the above exception, another exception occurred:

ModuleNotFoundError                       Traceback (most recent call last)
/tmp/ipykernel_3837/3050749607.py in <module>
      9 except ModuleNotFoundError:
     10     get_ipython().run_line_magic('pip', 'install -qq git+https://github.com/probml/probml-utils.git')
---> 11     import probml_utils as pml
     12 
     13 import probml_utils.pgmpy_utils as pgm

ModuleNotFoundError: No module named 'probml_utils'
ModuleNotFoundError: No module named 'probml_utils'
