An error occurred while executing the following cell:
------------------
import jax
import jax.numpy as np
from jax import grad, vmap, jit, random

try:
    import flax
except ModuleNotFoundError:
    %pip install -qq flax
    import flax
import flax.linen as nn
import matplotlib.pyplot as plt

try:
    import einops
except ModuleNotFoundError:
    %pip install -qq einops
    import einops
try:
    import tensorflow_probability.substrates.jax as tfp
except ModuleNotFoundError:
    %pip install -qq tensorflow-probability
    import tensorflow_probability.substrates.jax as tfp
tfd = tfp.distributions
from functools import partial

try:
    import tensorflow_datasets as tfds
except ModuleNotFoundError:
    %pip install -qq tensorflow tensorflow_datasets
    import tensorflow_datasets as tfds
import typing
from typing import Any

try:
    import chex
except ModuleNotFoundError:
    %pip install -qq chex
    import chex
try:
    import optax
except ModuleNotFoundError:
    %pip install -qq optax
    import optax
------------------

---------------------------------------------------------------------------
ModuleNotFoundError                       Traceback (most recent call last)
/tmp/ipykernel_4703/1522286039.py in <module>
     26 try:
---> 27     import tensorflow_datasets as tfds
     28 except ModuleNotFoundError:

ModuleNotFoundError: No module named 'tensorflow_datasets'

During handling of the above exception, another exception occurred:

OSError                                   Traceback (most recent call last)
/tmp/ipykernel_4703/1522286039.py in <module>
     28 except ModuleNotFoundError:
     29     get_ipython().run_line_magic('pip', 'install -qq tensorflow tensorflow_datasets')
---> 30     import tensorflow_datasets as tfds
     31 import typing
     32 from typing import Any

~/miniconda3/envs/py37/lib/python3.7/site-packages/tensorflow_datasets/__init__.py in <module>
     41 # needs to happen before anything else, since the imports below will try to
     42 # import tensorflow, too.
---> 43 from tensorflow_datasets.core import tf_compat
     44 tf_compat.ensure_tf_install()
     45 

~/miniconda3/envs/py37/lib/python3.7/site-packages/tensorflow_datasets/core/__init__.py in <module>
     21 from tensorflow_datasets.core import tf_compat
     22 
---> 23 tf_compat.ensure_tf_install()
     24 
     25 # pylint:disable=g-import-not-at-top

~/miniconda3/envs/py37/lib/python3.7/site-packages/tensorflow_datasets/core/tf_compat.py in ensure_tf_install()
     45 
     46   try:
---> 47     import tensorflow as tf  # pylint: disable=import-outside-toplevel
     48   except ImportError:
     49     # Print more informative error message, then reraise.

~/miniconda3/envs/py37/lib/python3.7/site-packages/tensorflow/__init__.py in <module>
     35 import typing as _typing
     36 
---> 37 from tensorflow.python.tools import module_util as _module_util
     38 from tensorflow.python.util.lazy_loader import LazyLoader as _LazyLoader
     39 

~/miniconda3/envs/py37/lib/python3.7/site-packages/tensorflow/python/__init__.py in <module>
     34 # pylint: disable=wildcard-import,g-bad-import-order,g-import-not-at-top
     35 
---> 36 from tensorflow.python import pywrap_tensorflow as _pywrap_tensorflow
     37 from tensorflow.python.eager import context
     38 

~/miniconda3/envs/py37/lib/python3.7/site-packages/tensorflow/python/pywrap_tensorflow.py in <module>
     24 
     25 # Perform pre-load sanity checks in order to produce a more actionable error.
---> 26 self_check.preload_check()
     27 
     28 # pylint: disable=wildcard-import,g-import-not-at-top,unused-import,line-too-long

~/miniconda3/envs/py37/lib/python3.7/site-packages/tensorflow/python/platform/self_check.py in preload_check()
     63     cpu_feature_guard_library = os.path.join(
     64         os.path.dirname(__file__), "../../core/platform/_cpu_feature_guard.so")
---> 65     ctypes.CDLL(cpu_feature_guard_library)

~/miniconda3/envs/py37/lib/python3.7/ctypes/__init__.py in __init__(self, name, mode, handle, use_errno, use_last_error)
    362 
    363         if handle is None:
--> 364             self._handle = _dlopen(self._name, mode)
    365         else:
    366             self._handle = handle

OSError: /github/home/miniconda3/envs/py37/lib/python3.7/site-packages/tensorflow/python/platform/../../core/platform/_cpu_feature_guard.so: cannot open shared object file: No such file or directory
OSError: /github/home/miniconda3/envs/py37/lib/python3.7/site-packages/tensorflow/python/platform/../../core/platform/_cpu_feature_guard.so: cannot open shared object file: No such file or directory
