An error occurred while executing the following cell:
------------------
import jax
import jax.numpy as jnp
from jax import lax
from jax import vmap
from jax import random
from jax import jit
import numpy as np
import matplotlib.pyplot as plt

try:
    from tqdm import trange
except ModuleNotFoundError:
    %pip install -qq tqdm
    from tqdm import trange
------------------

---------------------------------------------------------------------------
ModuleNotFoundError                       Traceback (most recent call last)
/tmp/ipykernel_4156/2043989281.py in <module>
----> 1 import jax
      2 import jax.numpy as jnp
      3 from jax import lax
      4 from jax import vmap
      5 from jax import random

ModuleNotFoundError: No module named 'jax'
ModuleNotFoundError: No module named 'jax'
