An error occurred while executing the following cell:
------------------
import numpy as np
import matplotlib.pyplot as plt

np.random.seed(seed=1)
import math
import os

try:
    import torch
except ModuleNotFoundError:
    %pip install torch
    import torch
from torch import nn
from torch.nn import functional as F

try:
    import torchvision
except ModuleNotFoundError:
    %pip install torchvision
    import torchvision

!mkdir figures # for saving plots

!wget https://raw.githubusercontent.com/d2l-ai/d2l-en/master/d2l/torch.py -q -O d2l.py
import d2l
------------------

---------------------------------------------------------------------------
ModuleNotFoundError                       Traceback (most recent call last)
/tmp/ipykernel_1338/1666606611.py in <module>
     23 
     24 get_ipython().system('wget https://raw.githubusercontent.com/d2l-ai/d2l-en/master/d2l/torch.py -q -O d2l.py')
---> 25 import d2l

ModuleNotFoundError: No module named 'd2l'
ModuleNotFoundError: No module named 'd2l'
