An error occurred while executing the following cell:
------------------
from ssm_jax.hmm.demos.casino_hmm import (make_model_and_data, plot_results)
hmm, true_states, emissions = make_model_and_data()
posterior = hmm.smoother(emissions)
most_likely_states = hmm.most_likely_states(emissions)
dict_figures = plot_results(true_states, emissions, posterior, most_likely_states)

for k,v in dict_figures.items():
    fname =  k + '.pdf'
    print(fname)
    fig = v
    fig.savefig(fname)
------------------

---------------------------------------------------------------------------
ModuleNotFoundError                       Traceback (most recent call last)
/tmp/ipykernel_3611/2511095572.py in <module>
----> 1 from ssm_jax.hmm.demos.casino_hmm import (make_model_and_data, plot_results)
      2 hmm, true_states, emissions = make_model_and_data()
      3 posterior = hmm.smoother(emissions)
      4 most_likely_states = hmm.most_likely_states(emissions)
      5 dict_figures = plot_results(true_states, emissions, posterior, most_likely_states)

~/miniconda3/envs/py37/lib/python3.7/site-packages/ssm_jax/hmm/demos/casino_hmm.py in <module>
     10 import numpy as np
     11 
---> 12 from ssm_jax.hmm.models import CategoricalHMM
     13 
     14 

~/miniconda3/envs/py37/lib/python3.7/site-packages/ssm_jax/hmm/models.py in <module>
     19     hmm_smoother,
     20     hmm_posterior_mode)
---> 21 from ssm_jax.hmm.learning import (
     22     compute_transition_probs)
     23 from ssm_jax.utils import PSDToRealBijector

~/miniconda3/envs/py37/lib/python3.7/site-packages/ssm_jax/hmm/learning.py in <module>
      5 import optax
      6 
----> 7 from tqdm.auto import trange
      8 
      9 # Helper function to access parameters

ModuleNotFoundError: No module named 'tqdm'
ModuleNotFoundError: No module named 'tqdm'
