An error occurred while executing the following cell:
------------------
from typing import Callable
import functools

import jax
from jax import lax
from jax import numpy as jnp
from jax import scipy as jsp
from jax import random
import matplotlib.pyplot as plt


plt.rcParams.update({"font.size": 16})
------------------

---------------------------------------------------------------------------
ModuleNotFoundError                       Traceback (most recent call last)
/tmp/ipykernel_4814/3652478435.py in <module>
      2 import functools
      3 
----> 4 import jax
      5 from jax import lax
      6 from jax import numpy as jnp

ModuleNotFoundError: No module named 'jax'
ModuleNotFoundError: No module named 'jax'
