An error occurred while executing the following cell:
------------------
try:
    import particles
except ModuleNotFoundError:
    %pip install -qq git+https://github.com/nchopin/particles.git
    import particles
import particles.state_space_models as ssm
import particles.distributions as dists


------------------

---------------------------------------------------------------------------
ModuleNotFoundError                       Traceback (most recent call last)
/tmp/ipykernel_4565/1036257934.py in <module>
      1 try:
----> 2     import particles
      3 except ModuleNotFoundError:

ModuleNotFoundError: No module named 'particles'

During handling of the above exception, another exception occurred:

ModuleNotFoundError                       Traceback (most recent call last)
/tmp/ipykernel_4565/1036257934.py in <module>
      3 except ModuleNotFoundError:
      4     get_ipython().run_line_magic('pip', 'install -qq git+https://github.com/nchopin/particles.git')
----> 5     import particles
      6 import particles.state_space_models as ssm
      7 import particles.distributions as dists

ModuleNotFoundError: No module named 'particles'
ModuleNotFoundError: No module named 'particles'
