An error occurred while executing the following cell:
------------------
import jax
import os
import jax.numpy as jnp
import matplotlib.pyplot as plt
from jax.scipy.stats import multivariate_normal
import seaborn as sns

jax.config.update("jax_platform_name", "cpu")

try:
    import blackjax
except ModuleNotFoundError:
    %pip install -qq jaxopt blackjax
    import blackjax

try:
    import probml_utils as pml
except ModuleNotFoundError:
    %pip install -qq git+https://github.com/probml/probml-utils.git
    import probml_utils as pml

from probml_utils.blackjax_utils import inference_loop
import blackjax.smc.resampling as resampling
------------------

---------------------------------------------------------------------------
ModuleNotFoundError                       Traceback (most recent call last)
/tmp/ipykernel_3315/3505164292.py in <module>
     16 try:
---> 17     import probml_utils as pml
     18 except ModuleNotFoundError:

ModuleNotFoundError: No module named 'probml_utils'

During handling of the above exception, another exception occurred:

ModuleNotFoundError                       Traceback (most recent call last)
/tmp/ipykernel_3315/3505164292.py in <module>
     18 except ModuleNotFoundError:
     19     get_ipython().run_line_magic('pip', 'install -qq git+https://github.com/probml/probml-utils.git')
---> 20     import probml_utils as pml
     21 
     22 from probml_utils.blackjax_utils import inference_loop

ModuleNotFoundError: No module named 'probml_utils'
ModuleNotFoundError: No module named 'probml_utils'
