An error occurred while executing the following cell:
------------------
## Metropolis Hastings (MH) Sampling from a mixture of two 1d Gaussians
# using a 1d Gaussian proposal with different sigma.
# Author: Gerardo Duran-Martin (@gerdm)

# !pip install -qq matplotlib==3.4.2
import logging

logger = logging.getLogger()


class CheckTypesFilter(logging.Filter):
    def filter(self, record):
        return "check_types" not in record.getMessage() and "jax_enable_x64" not in record.getMessage()


logger.addFilter(CheckTypesFilter())

import warnings

warnings.filterwarnings("ignore")

import numpy as np
import matplotlib.pyplot as plt

# from numpy.random import rand

try:
    import probml_utils as pml
except ModuleNotFoundError:
    %pip install -qq git+https://github.com/probml/probml-utils.git
    import probml_utils as pml
try:
    import statsmodels.api as sm
except ModuleNotFoundError:
    %pip install -qq statsmodels
    import statsmodels.api as sm

import os
import matplotlib

try:
    import tensorflow_probability.substrates.jax as tfp
except ModuleNotFoundError:
    %pip install -qq tensorflow-probability
    import tensorflow_probability.substrates.jax as tfp

import jax
import seaborn as sns
import jax.numpy as jnp
------------------

---------------------------------------------------------------------------
OSError                                   Traceback (most recent call last)
/tmp/ipykernel_5042/1722435670.py in <module>
     40 
     41 try:
---> 42     import tensorflow_probability.substrates.jax as tfp
     43 except ModuleNotFoundError:
     44     get_ipython().run_line_magic('pip', 'install -qq tensorflow-probability')

~/miniconda3/envs/py37/lib/python3.7/site-packages/tensorflow_probability/substrates/jax/__init__.py in <module>
     39 from tensorflow_probability.python.version import __version__
     40 # from tensorflow_probability.substrates.jax.google import staging  # DisableOnExport  # pylint:disable=line-too-long
---> 41 from tensorflow_probability.substrates.jax import bijectors
     42 from tensorflow_probability.substrates.jax import distributions
     43 from tensorflow_probability.substrates.jax import experimental

~/miniconda3/envs/py37/lib/python3.7/site-packages/tensorflow_probability/substrates/jax/bijectors/__init__.py in <module>
     17 # pylint: disable=unused-import,wildcard-import,line-too-long,g-importing-member
     18 
---> 19 from tensorflow_probability.substrates.jax.bijectors.absolute_value import AbsoluteValue
     20 from tensorflow_probability.substrates.jax.bijectors.ascending import Ascending
     21 # from tensorflow_probability.substrates.jax.bijectors.batch_normalization import BatchNormalization

~/miniconda3/envs/py37/lib/python3.7/site-packages/tensorflow_probability/substrates/jax/bijectors/absolute_value.py in <module>
     15 """AbsoluteValue bijector."""
     16 
---> 17 from tensorflow_probability.python.internal.backend.jax.compat import v2 as tf
     18 
     19 from tensorflow_probability.substrates.jax.bijectors import bijector

~/miniconda3/envs/py37/lib/python3.7/site-packages/tensorflow_probability/python/internal/backend/jax/__init__.py in <module>
     16 
     17 from tensorflow_probability.python.internal.backend.jax import __internal__
---> 18 from tensorflow_probability.python.internal.backend.jax import bitwise
     19 from tensorflow_probability.python.internal.backend.jax import compat
     20 from tensorflow_probability.python.internal.backend.jax import config

~/miniconda3/envs/py37/lib/python3.7/site-packages/tensorflow_probability/python/internal/backend/jax/bitwise.py in <module>
     17 import numpy as onp; import jax.numpy as np
     18 
---> 19 from tensorflow_probability.python.internal.backend.jax import _utils as utils
     20 
     21 __all__ = [

~/miniconda3/envs/py37/lib/python3.7/site-packages/tensorflow_probability/python/internal/backend/jax/_utils.py in <module>
     23 
     24 try:
---> 25   from tensorflow.python.ops import array_ops  # pylint: disable=g-direct-tensorflow-import,g-import-not-at-top,unused-import
     26   from tensorflow.python.ops import random_ops  # pylint: disable=g-direct-tensorflow-import,g-import-not-at-top,unused-import
     27   import tensorflow.compat.v1 as tf1  # pylint: disable=g-import-not-at-top,unused-import

~/miniconda3/envs/py37/lib/python3.7/site-packages/tensorflow/__init__.py in <module>
     35 import typing as _typing
     36 
---> 37 from tensorflow.python.tools import module_util as _module_util
     38 from tensorflow.python.util.lazy_loader import LazyLoader as _LazyLoader
     39 

~/miniconda3/envs/py37/lib/python3.7/site-packages/tensorflow/python/__init__.py in <module>
     34 # pylint: disable=wildcard-import,g-bad-import-order,g-import-not-at-top
     35 
---> 36 from tensorflow.python import pywrap_tensorflow as _pywrap_tensorflow
     37 from tensorflow.python.eager import context
     38 

~/miniconda3/envs/py37/lib/python3.7/site-packages/tensorflow/python/pywrap_tensorflow.py in <module>
     24 
     25 # Perform pre-load sanity checks in order to produce a more actionable error.
---> 26 self_check.preload_check()
     27 
     28 # pylint: disable=wildcard-import,g-import-not-at-top,unused-import,line-too-long

~/miniconda3/envs/py37/lib/python3.7/site-packages/tensorflow/python/platform/self_check.py in preload_check()
     63     cpu_feature_guard_library = os.path.join(
     64         os.path.dirname(__file__), "../../core/platform/_cpu_feature_guard.so")
---> 65     ctypes.CDLL(cpu_feature_guard_library)

~/miniconda3/envs/py37/lib/python3.7/ctypes/__init__.py in __init__(self, name, mode, handle, use_errno, use_last_error)
    362 
    363         if handle is None:
--> 364             self._handle = _dlopen(self._name, mode)
    365         else:
    366             self._handle = handle

OSError: /github/home/miniconda3/envs/py37/lib/python3.7/site-packages/tensorflow/python/platform/../../core/platform/_cpu_feature_guard.so: cannot open shared object file: No such file or directory
OSError: /github/home/miniconda3/envs/py37/lib/python3.7/site-packages/tensorflow/python/platform/../../core/platform/_cpu_feature_guard.so: cannot open shared object file: No such file or directory
