An error occurred while executing the following cell:
------------------
try:
    import probml_utils as pml
except ModuleNotFoundError:
    %pip install -qq git+https://github.com/probml/probml-utils.git
    import probml_utils as pml

from probml_utils import blackjax_utils

try:
    import blackjax
except:
    %pip install blackjax
    import blackjax


import arviz as az
import matplotlib.pyplot as plt
import jax
from jax import random
import jax.numpy as jnp

try:
    import tensorflow_probability.substrates.jax as tfp
except:
    %pip install tensorflow_probability
    import tensorflow_probability.substrates.jax as tfp

tfd = tfp.distributions

import os
import seaborn as sns
------------------

---------------------------------------------------------------------------
ModuleNotFoundError                       Traceback (most recent call last)
/tmp/ipykernel_3465/4038319421.py in <module>
      5     import probml_utils as pml
      6 
----> 7 from probml_utils import blackjax_utils
      8 
      9 try:

~/miniconda3/envs/py37/lib/python3.7/site-packages/probml_utils/blackjax_utils.py in <module>
----> 1 import arviz as az
      2 import jax.numpy as jnp
      3 import jax
      4 
      5 def arviz_trace_from_states(states, info, burn_in=0):

~/miniconda3/envs/py37/lib/python3.7/site-packages/arviz/__init__.py in <module>
     30 
     31 
---> 32 from .data import *
     33 from .plots import *
     34 from .plots.backends import *

~/miniconda3/envs/py37/lib/python3.7/site-packages/arviz/data/__init__.py in <module>
      1 """Code for loading and manipulating data structures."""
----> 2 from .base import CoordSpec, DimSpec, dict_to_dataset, numpy_to_data_array
      3 from .converters import convert_to_dataset, convert_to_inference_data
      4 from .datasets import clear_data_home, list_datasets, load_arviz_data
      5 from .inference_data import InferenceData, concat

~/miniconda3/envs/py37/lib/python3.7/site-packages/arviz/data/base.py in <module>
      8 
      9 import numpy as np
---> 10 import pkg_resources
     11 import xarray as xr
     12 

ModuleNotFoundError: No module named 'pkg_resources'
ModuleNotFoundError: No module named 'pkg_resources'
