An error occurred while executing the following cell:
------------------
import jax
import jax.numpy as jnp
import matplotlib.pyplot as plt
import arviz as az
import seaborn as sns
import numpy as np

try:
    from probml_utils import latexify, savefig
except ModuleNotFoundError:
    %pip install git+https://github.com/probml/probml-utils.git
    from probml_utils import latexify, savefig

from probml_utils.blackjax_utils import inference_loop_multiple_chains, arviz_trace_from_states

try:
    import tensorflow_probability.substrates.jax as tfp
except ModuleNotFoundError:
    %pip -qq install tensorflow_probability
    import tensorflow_probability.substrates.jax as tfp

try:
    import blackjax
except ModuleNotFoundError:
    %pip install -qq blackjax
    import blackjax

tfd = tfp.distributions
------------------

---------------------------------------------------------------------------
ImportError                               Traceback (most recent call last)
/tmp/ipykernel_3765/2478977519.py in <module>
     15 
     16 try:
---> 17     import tensorflow_probability.substrates.jax as tfp
     18 except ModuleNotFoundError:
     19     get_ipython().run_line_magic('pip', '-qq install tensorflow_probability')

~/miniconda3/envs/py37/lib/python3.7/site-packages/tensorflow_probability/substrates/jax/__init__.py in <module>
     43 from tensorflow_probability.python.version import __version__
     44 # from tensorflow_probability.substrates.jax.google import staging  # DisableOnExport  # pylint:disable=line-too-long
---> 45 from tensorflow_probability.substrates.jax import bijectors
     46 from tensorflow_probability.substrates.jax import distributions
     47 from tensorflow_probability.substrates.jax import experimental

~/miniconda3/envs/py37/lib/python3.7/site-packages/tensorflow_probability/substrates/jax/bijectors/__init__.py in <module>
     21 # pylint: disable=unused-import,wildcard-import,line-too-long,g-importing-member
     22 
---> 23 from tensorflow_probability.substrates.jax.bijectors.absolute_value import AbsoluteValue
     24 from tensorflow_probability.substrates.jax.bijectors.ascending import Ascending
     25 # from tensorflow_probability.substrates.jax.bijectors.batch_normalization import BatchNormalization

~/miniconda3/envs/py37/lib/python3.7/site-packages/tensorflow_probability/substrates/jax/bijectors/absolute_value.py in <module>
     19 from __future__ import print_function
     20 
---> 21 from tensorflow_probability.python.internal.backend.jax.compat import v2 as tf
     22 
     23 from tensorflow_probability.substrates.jax.bijectors import bijector

~/miniconda3/envs/py37/lib/python3.7/site-packages/tensorflow_probability/python/internal/backend/jax/__init__.py in <module>
     21 from tensorflow_probability.python.internal.backend.jax import __internal__
     22 from tensorflow_probability.python.internal.backend.jax import bitwise
---> 23 from tensorflow_probability.python.internal.backend.jax import compat
     24 from tensorflow_probability.python.internal.backend.jax import config
     25 from tensorflow_probability.python.internal.backend.jax import debugging

~/miniconda3/envs/py37/lib/python3.7/site-packages/tensorflow_probability/python/internal/backend/jax/compat.py in <module>
     19 from __future__ import print_function
     20 
---> 21 from tensorflow_probability.python.internal.backend.jax import v1
     22 from tensorflow_probability.python.internal.backend.jax import v2
     23 from tensorflow_probability.python.internal.backend.jax.gen.tensor_shape import dimension_value

~/miniconda3/envs/py37/lib/python3.7/site-packages/tensorflow_probability/python/internal/backend/jax/v1.py in <module>
     32 from tensorflow_probability.python.internal.backend.jax.ops import name_scope
     33 from tensorflow_probability.python.internal.backend.jax.ops import Variable
---> 34 from tensorflow_probability.python.internal.backend.jax.random_generators import set_seed
     35 from tensorflow_probability.python.internal.backend.jax.tensor_array_ops import TensorArray
     36 

~/miniconda3/envs/py37/lib/python3.7/site-packages/tensorflow_probability/python/internal/backend/jax/random_generators.py in <module>
    165   from jax import lax  # pylint: disable=g-import-not-at-top
    166   from jax import random  # pylint: disable=g-import-not-at-top
--> 167   from jax.util import partial  # pylint: disable=g-import-not-at-top
    168 
    169   # Jitting the implementation because

ImportError: cannot import name 'partial' from 'jax.util' (/github/home/miniconda3/envs/py37/lib/python3.7/site-packages/jax/util.py)
ImportError: cannot import name 'partial' from 'jax.util' (/github/home/miniconda3/envs/py37/lib/python3.7/site-packages/jax/util.py)
