An error occurred while executing the following cell:
------------------
import jax
import jax.numpy as jnp
import matplotlib.pyplot as plt
from jax.scipy.stats import multivariate_normal

jax.config.update("jax_platform_name", "cpu")

try:
    from blackjax.hmc import kernel as hmc_kernel
except ModuleNotFoundError:
    %pip install -qq blackjax
    from blackjax.hmc import kernel as hmc_kernel
from blackjax.hmc import new_state as hmc_state
from blackjax.inference.smc.resampling import systematic
from blackjax.nuts import kernel as nuts_kernel
from blackjax.nuts import new_state as nuts_state
from blackjax.tempered_smc import TemperedSMCState, adaptive_tempered_smc
------------------

---------------------------------------------------------------------------
ModuleNotFoundError                       Traceback (most recent call last)
/tmp/ipykernel_3983/3414307964.py in <module>
      8 try:
----> 9     from blackjax.hmc import kernel as hmc_kernel
     10 except ModuleNotFoundError:

~/miniconda3/envs/py37/lib/python3.7/site-packages/blackjax/__init__.py in <module>
      2 from .diagnostics import potential_scale_reduction as rhat
----> 3 from .kernels import (
      4     adaptive_tempered_smc,

~/miniconda3/envs/py37/lib/python3.7/site-packages/blackjax/kernels.py in <module>
      5 
----> 6 import blackjax.adaptation as adaptation
      7 import blackjax.mcmc as mcmc

~/miniconda3/envs/py37/lib/python3.7/site-packages/blackjax/adaptation/__init__.py in <module>
----> 1 from . import pathfinder_adaptation, window_adaptation
      2 
      3 __all__ = ["window_adaptation", "pathfinder_adaptation"]

~/miniconda3/envs/py37/lib/python3.7/site-packages/blackjax/adaptation/pathfinder_adaptation.py in <module>
      6 
----> 7 from blackjax.adaptation.step_size import (
      8     DualAveragingAdaptationState,

~/miniconda3/envs/py37/lib/python3.7/site-packages/blackjax/adaptation/step_size.py in <module>
      6 
----> 7 import blackjax.optimizers.dual_averaging as dual_averaging
      8 from blackjax.mcmc.hmc import HMCState

ModuleNotFoundError: No module named 'blackjax.optimizers'

During handling of the above exception, another exception occurred:

ModuleNotFoundError                       Traceback (most recent call last)
/tmp/ipykernel_3983/3414307964.py in <module>
     10 except ModuleNotFoundError:
     11     get_ipython().run_line_magic('pip', 'install -qq blackjax')
---> 12     from blackjax.hmc import kernel as hmc_kernel
     13 from blackjax.hmc import new_state as hmc_state
     14 from blackjax.inference.smc.resampling import systematic

~/miniconda3/envs/py37/lib/python3.7/site-packages/blackjax/__init__.py in <module>
      1 from .diagnostics import effective_sample_size as ess
      2 from .diagnostics import potential_scale_reduction as rhat
----> 3 from .kernels import (
      4     adaptive_tempered_smc,
      5     elliptical_slice,

~/miniconda3/envs/py37/lib/python3.7/site-packages/blackjax/kernels.py in <module>
      4 import jax.numpy as jnp
      5 
----> 6 import blackjax.adaptation as adaptation
      7 import blackjax.mcmc as mcmc
      8 import blackjax.sgmcmc as sgmcmc

~/miniconda3/envs/py37/lib/python3.7/site-packages/blackjax/adaptation/__init__.py in <module>
----> 1 from . import pathfinder_adaptation, window_adaptation
      2 
      3 __all__ = ["window_adaptation", "pathfinder_adaptation"]

~/miniconda3/envs/py37/lib/python3.7/site-packages/blackjax/adaptation/pathfinder_adaptation.py in <module>
      5 import jax.numpy as jnp
      6 
----> 7 from blackjax.adaptation.step_size import (
      8     DualAveragingAdaptationState,
      9     dual_averaging_adaptation,

~/miniconda3/envs/py37/lib/python3.7/site-packages/blackjax/adaptation/step_size.py in <module>
      5 import jax.numpy as jnp
      6 
----> 7 import blackjax.optimizers.dual_averaging as dual_averaging
      8 from blackjax.mcmc.hmc import HMCState
      9 

ModuleNotFoundError: No module named 'blackjax.optimizers'
ModuleNotFoundError: No module named 'blackjax.optimizers'
