An error occurred while executing the following cell:
------------------
import jax
import jax.numpy as jnp
import seaborn as sns
import matplotlib.pyplot as plt

try:
    from probml_utils import latexify, savefig, is_latexify_enabled
except ModuleNotFoundError:
    %pip install git+https://github.com/probml/probml-utils.git
    from probml_utils import latexify, savefig, is_latexify_enabled

try:
    import tinygp
except ModuleNotFoundError:
    %pip install -qqq tinygp
    import tinygp

kernels = tinygp.kernels
from tinygp import GaussianProcess
------------------

---------------------------------------------------------------------------
ModuleNotFoundError                       Traceback (most recent call last)
/tmp/ipykernel_4290/1704497272.py in <module>
     12 try:
---> 13     import tinygp
     14 except ModuleNotFoundError:

ModuleNotFoundError: No module named 'tinygp'

During handling of the above exception, another exception occurred:

ModuleNotFoundError                       Traceback (most recent call last)
/tmp/ipykernel_4290/1704497272.py in <module>
     14 except ModuleNotFoundError:
     15     get_ipython().run_line_magic('pip', 'install -qqq tinygp')
---> 16     import tinygp
     17 
     18 kernels = tinygp.kernels

ModuleNotFoundError: No module named 'tinygp'
ModuleNotFoundError: No module named 'tinygp'
