An error occurred while executing the following cell:
------------------
data = az.from_numpyro(mcmc)
az.summary(data)
------------------

---------------------------------------------------------------------------
AttributeError                            Traceback (most recent call last)
~/miniconda3/envs/py37/lib/python3.7/site-packages/pkg_resources/__init__.py in _dep_map(self)
   3023         try:
-> 3024             return self.__dep_map
   3025         except AttributeError:

~/miniconda3/envs/py37/lib/python3.7/site-packages/pkg_resources/__init__.py in __getattr__(self, attr)
   2820         if attr.startswith('_'):
-> 2821             raise AttributeError(attr)
   2822         return getattr(self._provider, attr)

AttributeError: _DistInfoDistribution__dep_map

During handling of the above exception, another exception occurred:

AttributeError                            Traceback (most recent call last)
~/miniconda3/envs/py37/lib/python3.7/site-packages/pkg_resources/__init__.py in _parsed_pkg_info(self)
   3014         try:
-> 3015             return self._pkg_info
   3016         except AttributeError:

~/miniconda3/envs/py37/lib/python3.7/site-packages/pkg_resources/__init__.py in __getattr__(self, attr)
   2820         if attr.startswith('_'):
-> 2821             raise AttributeError(attr)
   2822         return getattr(self._provider, attr)

AttributeError: _pkg_info

During handling of the above exception, another exception occurred:

FileNotFoundError                         Traceback (most recent call last)
/tmp/ipykernel_5014/490067645.py in <module>
----> 1 data = az.from_numpyro(mcmc)
      2 az.summary(data)

~/miniconda3/envs/py37/lib/python3.7/site-packages/arviz/data/io_numpyro.py in from_numpyro(posterior, prior, posterior_predictive, predictions, constant_data, predictions_constant_data, log_likelihood, index_origin, coords, dims, pred_dims, num_chains)
    376         dims=dims,
    377         pred_dims=pred_dims,
--> 378         num_chains=num_chains,
    379     ).to_inference_data()

~/miniconda3/envs/py37/lib/python3.7/site-packages/arviz/data/io_numpyro.py in to_inference_data(self)
    307         return InferenceData(
    308             **{
--> 309                 "posterior": self.posterior_to_xarray(),
    310                 "sample_stats": self.sample_stats_to_xarray(),
    311                 "log_likelihood": self.log_likelihood_to_xarray(),

~/miniconda3/envs/py37/lib/python3.7/site-packages/arviz/data/base.py in wrapped(cls)
     63                 if all((getattr(cls, prop_i) is None for prop_i in prop)):
     64                     return None
---> 65             return func(cls)
     66 
     67         return wrapped

~/miniconda3/envs/py37/lib/python3.7/site-packages/arviz/data/io_numpyro.py in posterior_to_xarray(self)
    146             coords=self.coords,
    147             dims=self.dims,
--> 148             index_origin=self.index_origin,
    149         )
    150 

~/miniconda3/envs/py37/lib/python3.7/site-packages/arviz/data/base.py in dict_to_dataset(data, attrs, library, coords, dims, default_dims, index_origin, skip_event_dims)
    314             skip_event_dims=skip_event_dims,
    315         )
--> 316     return xr.Dataset(data_vars=data_vars, attrs=make_attrs(attrs=attrs, library=library))
    317 
    318 

~/miniconda3/envs/py37/lib/python3.7/site-packages/arviz/data/base.py in make_attrs(attrs, library)
    338         default_attrs["inference_library"] = library_name
    339         try:
--> 340             version = pkg_resources.get_distribution(library_name).version
    341             default_attrs["inference_library_version"] = version
    342         except pkg_resources.DistributionNotFound:

~/miniconda3/envs/py37/lib/python3.7/site-packages/pkg_resources/__init__.py in get_distribution(dist)
    475         dist = Requirement.parse(dist)
    476     if isinstance(dist, Requirement):
--> 477         dist = get_provider(dist)
    478     if not isinstance(dist, Distribution):
    479         raise TypeError("Expected string, Requirement, or Distribution", dist)

~/miniconda3/envs/py37/lib/python3.7/site-packages/pkg_resources/__init__.py in get_provider(moduleOrReq)
    351     """Return an IResourceProvider for the named module or requirement"""
    352     if isinstance(moduleOrReq, Requirement):
--> 353         return working_set.find(moduleOrReq) or require(str(moduleOrReq))[0]
    354     try:
    355         module = sys.modules[moduleOrReq]

~/miniconda3/envs/py37/lib/python3.7/site-packages/pkg_resources/__init__.py in require(self, *requirements)
    895         included, even if they were already activated in this working set.
    896         """
--> 897         needed = self.resolve(parse_requirements(requirements))
    898 
    899         for dist in needed:

~/miniconda3/envs/py37/lib/python3.7/site-packages/pkg_resources/__init__.py in resolve(self, requirements, env, installer, replace_conflicting, extras)
    789 
    790             # push the new requirements onto the stack
--> 791             new_requirements = dist.requires(req.extras)[::-1]
    792             requirements.extend(new_requirements)
    793 

~/miniconda3/envs/py37/lib/python3.7/site-packages/pkg_resources/__init__.py in requires(self, extras)
   2740     def requires(self, extras=()):
   2741         """List of Requirements needed for this distro if `extras` are used"""
-> 2742         dm = self._dep_map
   2743         deps = []
   2744         deps.extend(dm.get(None, ()))

~/miniconda3/envs/py37/lib/python3.7/site-packages/pkg_resources/__init__.py in _dep_map(self)
   3024             return self.__dep_map
   3025         except AttributeError:
-> 3026             self.__dep_map = self._compute_dependencies()
   3027             return self.__dep_map
   3028 

~/miniconda3/envs/py37/lib/python3.7/site-packages/pkg_resources/__init__.py in _compute_dependencies(self)
   3033         reqs = []
   3034         # Including any condition expressions
-> 3035         for req in self._parsed_pkg_info.get_all('Requires-Dist') or []:
   3036             reqs.extend(parse_requirements(req))
   3037 

~/miniconda3/envs/py37/lib/python3.7/site-packages/pkg_resources/__init__.py in _parsed_pkg_info(self)
   3015             return self._pkg_info
   3016         except AttributeError:
-> 3017             metadata = self.get_metadata(self.PKG_INFO)
   3018             self._pkg_info = email.parser.Parser().parsestr(metadata)
   3019             return self._pkg_info

~/miniconda3/envs/py37/lib/python3.7/site-packages/pkg_resources/__init__.py in get_metadata(self, name)
   1416             return ""
   1417         path = self._get_metadata_path(name)
-> 1418         value = self._get(path)
   1419         try:
   1420             return value.decode('utf-8')

~/miniconda3/envs/py37/lib/python3.7/site-packages/pkg_resources/__init__.py in _get(self, path)
   1620 
   1621     def _get(self, path):
-> 1622         with open(path, 'rb') as stream:
   1623             return stream.read()
   1624 

FileNotFoundError: [Errno 2] No such file or directory: '/github/home/miniconda3/envs/py37/lib/python3.7/site-packages/flatbuffers-2.0.dist-info/METADATA'
FileNotFoundError: [Errno 2] No such file or directory: '/github/home/miniconda3/envs/py37/lib/python3.7/site-packages/flatbuffers-2.0.dist-info/METADATA'
