An error occurred while executing the following cell:
------------------
try:
    import probml_utils as pml
except ModuleNotFoundError:
    %pip install -qq git+https://github.com/probml/probml-utils.git
    import probml_utils as pml

from pml.dp_mixgauss_utils import dp_mixture_simu
from pml.multivariate_t_utils import NormalInverseWishart

import numpy as np
import jax.numpy as jnp
from jax import random
from jax.scipy.linalg import sqrtm
import matplotlib.pyplot as plt
------------------

---------------------------------------------------------------------------
ModuleNotFoundError                       Traceback (most recent call last)
/tmp/ipykernel_3736/1580253662.py in <module>
      5     import probml_utils as pml
      6 
----> 7 from pml.dp_mixgauss_utils import dp_mixture_simu
      8 from pml.multivariate_t_utils import NormalInverseWishart
      9 

ModuleNotFoundError: No module named 'pml'
ModuleNotFoundError: No module named 'pml'
