An error occurred while executing the following cell:
------------------
import numpy as np
import tensorflow.compat.v2 as tf

tf.enable_v2_behavior()
import tensorflow_probability as tfp
from tensorflow_probability import distributions as tfd

from matplotlib import pylab as plt

%matplotlib inline
import scipy.stats
------------------

---------------------------------------------------------------------------
ModuleNotFoundError                       Traceback (most recent call last)
/tmp/ipykernel_2681/3925432748.py in <module>
      1 import numpy as np
----> 2 import tensorflow.compat.v2 as tf
      3 
      4 tf.enable_v2_behavior()
      5 import tensorflow_probability as tfp

ModuleNotFoundError: No module named 'tensorflow'
ModuleNotFoundError: No module named 'tensorflow'
