An error occurred while executing the following cell:
------------------
try:
    import ssm_jax
except ModuleNotFoundError:
    %pip install -qq ssm_jax
    import ssm_jax


import ssm_jax.hmm.demos.gaussian_hmm_2d as demo

import numpy as np
import jax.numpy as jnp
import jax.random as jr

import matplotlib.pyplot as plt
------------------

---------------------------------------------------------------------------
ModuleNotFoundError                       Traceback (most recent call last)
/tmp/ipykernel_3780/154083364.py in <module>
      6 
      7 
----> 8 import ssm_jax.hmm.demos.gaussian_hmm_2d as demo
      9 
     10 import numpy as np

~/miniconda3/envs/py37/lib/python3.7/site-packages/ssm_jax/hmm/demos/gaussian_hmm_2d.py in <module>
      2 """
      3 import numpy as np
----> 4 import jax.numpy as jnp
      5 import jax.random as jr
      6 import optax

ModuleNotFoundError: No module named 'jax'
ModuleNotFoundError: No module named 'jax'
