An error occurred while executing the following cell:
------------------
import jax

from jax import jit, lax, vmap
from jax.random import split, PRNGKey, permutation, normal
import jax.numpy as jnp
from jax.nn import log_softmax, sigmoid

import tensorflow as tf
import tensorflow_probability as tfp

import itertools


import distrax
from distrax import HMM

import numpy as np
import matplotlib.pyplot as plt
------------------

---------------------------------------------------------------------------
ModuleNotFoundError                       Traceback (most recent call last)
/tmp/ipykernel_2683/1857217326.py in <module>
      6 from jax.nn import log_softmax, sigmoid
      7 
----> 8 import tensorflow as tf
      9 import tensorflow_probability as tfp
     10 

ModuleNotFoundError: No module named 'tensorflow'
ModuleNotFoundError: No module named 'tensorflow'
