An error occurred while executing the following cell:
------------------
import ssm_jax


import ssm_jax.hmm.demos.gaussian_hmm_2d as demo

import numpy as np
import jax.numpy as jnp
import jax.random as jr

import matplotlib.pyplot as plt




------------------

---------------------------------------------------------------------------
ModuleNotFoundError                       Traceback (most recent call last)
/tmp/ipykernel_3614/2891495254.py in <module>
      2 
      3 
----> 4 import ssm_jax.hmm.demos.gaussian_hmm_2d as demo
      5 
      6 import numpy as np

~/miniconda3/envs/py37/lib/python3.7/site-packages/ssm_jax/hmm/demos/gaussian_hmm_2d.py in <module>
      6 import optax
      7 
----> 8 from ssm_jax.hmm.models import GaussianHMM
      9 
     10 import matplotlib.pyplot as plt

~/miniconda3/envs/py37/lib/python3.7/site-packages/ssm_jax/hmm/models.py in <module>
     19     hmm_smoother,
     20     hmm_posterior_mode)
---> 21 from ssm_jax.hmm.learning import (
     22     compute_transition_probs)
     23 from ssm_jax.utils import PSDToRealBijector

~/miniconda3/envs/py37/lib/python3.7/site-packages/ssm_jax/hmm/learning.py in <module>
      5 import optax
      6 
----> 7 from tqdm.auto import trange
      8 
      9 # Helper function to access parameters

ModuleNotFoundError: No module named 'tqdm'
ModuleNotFoundError: No module named 'tqdm'
