An error occurred while executing the following cell:
------------------
# Blind source separation using FastICA and PCA
# Author : Aleyna Kara
# This file is based on https://github.com/probml/pmtk3/blob/master/demos/icaDemo.m

from sklearn.decomposition import PCA, FastICA
import numpy as np
import matplotlib.pyplot as plt
from matplotlib import ticker

%matplotlib inline

try:
    from probml_utils import savefig, latexify, is_latexify_enabled
except ModuleNotFoundError:
    %pip install -qq git+https://github.com/probml/probml-utils.git
    from probml_utils import savefig, latexify, is_latexify_enabled
import seaborn as sns
------------------

---------------------------------------------------------------------------
ModuleNotFoundError                       Traceback (most recent call last)
/tmp/ipykernel_3894/3647858365.py in <module>
     12 try:
---> 13     from probml_utils import savefig, latexify, is_latexify_enabled
     14 except ModuleNotFoundError:

ModuleNotFoundError: No module named 'probml_utils'

During handling of the above exception, another exception occurred:

ModuleNotFoundError                       Traceback (most recent call last)
/tmp/ipykernel_3894/3647858365.py in <module>
     14 except ModuleNotFoundError:
     15     get_ipython().run_line_magic('pip', 'install -qq git+https://github.com/probml/probml-utils.git')
---> 16     from probml_utils import savefig, latexify, is_latexify_enabled
     17 import seaborn as sns

ModuleNotFoundError: No module named 'probml_utils'
ModuleNotFoundError: No module named 'probml_utils'
