An error occurred while executing the following cell:
------------------
import jax.numpy as jnp
import jax
from matplotlib import pyplot as plt
import seaborn as sns

try:
    from probml_utils import savefig, latexify
except ModuleNotFoundError:
    %pip install -qq git+https://github.com/probml/probml-utils.git
    from probml_utils import savefig, latexify
------------------

---------------------------------------------------------------------------
ModuleNotFoundError                       Traceback (most recent call last)
/tmp/ipykernel_4105/212745700.py in <module>
----> 1 import jax.numpy as jnp
      2 import jax
      3 from matplotlib import pyplot as plt
      4 import seaborn as sns
      5 

ModuleNotFoundError: No module named 'jax'
ModuleNotFoundError: No module named 'jax'
