An error occurred while executing the following cell:
------------------
# sklearn Models
from sklearn.ensemble import RandomForestClassifier
from sklearn.linear_model import LogisticRegression

# sklearn Utils
from sklearn.base import BaseEstimator
from sklearn.base import clone
from sklearn.model_selection import train_test_split

import numpy as np
from numpy.random import default_rng
import random

np.random.seed(42)

from matplotlib.legend_handler import HandlerTuple
import matplotlib as mpl
import matplotlib.pyplot as plt
import seaborn as sns

try:
    import probml_utils as pml
except ModuleNotFoundError:
    %pip install -qq git+https://github.com/probml/probml-utils.git
    import probml_utils as pml

from probml_utils import active_learn_utils as alu

try:
    import modAL
except ModuleNotFoundError:
    %pip install -qq modAL
    import modAL


from modAL.uncertainty import uncertainty_sampling
from modAL.uncertainty import entropy_sampling
from modAL.uncertainty import margin_sampling
from modAL.disagreement import max_std_sampling

from modAL.models import ActiveLearner
from modAL.utils.data import modALinput
from modAL.models import Committee

from typing import Callable
from typing import Tuple
from typing import Optional
import warnings
from typing import List

from functools import reduce
import operator
------------------

---------------------------------------------------------------------------
ModuleNotFoundError                       Traceback (most recent call last)
/tmp/ipykernel_4021/3667917561.py in <module>
     21 try:
---> 22     import probml_utils as pml
     23 except ModuleNotFoundError:

ModuleNotFoundError: No module named 'probml_utils'

During handling of the above exception, another exception occurred:

ModuleNotFoundError                       Traceback (most recent call last)
/tmp/ipykernel_4021/3667917561.py in <module>
     23 except ModuleNotFoundError:
     24     get_ipython().run_line_magic('pip', 'install -qq git+https://github.com/probml/probml-utils.git')
---> 25     import probml_utils as pml
     26 
     27 from probml_utils import active_learn_utils as alu

ModuleNotFoundError: No module named 'probml_utils'
ModuleNotFoundError: No module named 'probml_utils'
