An error occurred while executing the following cell:
------------------
import jax
import jax.numpy as jnp  # JAX NumPy
from jax import lax
import matplotlib.pyplot as plt
import math
from IPython import display

from flax import linen as nn  # The Linen API
from flax.training import train_state  # Useful dataclass to keep train state

import numpy as np  # Ordinary NumPy
import optax  # Optimizers

import torchvision
import torch
from torch.utils import data
from torchvision import transforms
import tensorflow_datasets as tfds  # TFDS for MNIST

import random
import os
import time
from typing import Any, Callable, Sequence, Tuple
from functools import partial

rng = jax.random.PRNGKey(0)
!mkdir figures # for saving plots
ModuleDef = Any
------------------

---------------------------------------------------------------------------
ModuleNotFoundError                       Traceback (most recent call last)
/tmp/ipykernel_2731/4222071250.py in <module>
     16 from torch.utils import data
     17 from torchvision import transforms
---> 18 import tensorflow_datasets as tfds  # TFDS for MNIST
     19 
     20 import random

ModuleNotFoundError: No module named 'tensorflow_datasets'
ModuleNotFoundError: No module named 'tensorflow_datasets'
