An error occurred while executing the following cell:
------------------
import jax
import jax.numpy as jnp  # JAX NumPy
import matplotlib.pyplot as plt
import math
from IPython import display

from flax import linen as nn  # The Linen API
from flax.training import train_state  # Useful dataclass to keep train state

import numpy as np  # Ordinary NumPy
import optax  # Optimizers
import tensorflow_datasets as tfds  # TFDS for MNIST

import random
import os
import time

rng = jax.random.PRNGKey(0)
!mkdir figures # for saving plots
------------------

---------------------------------------------------------------------------
ModuleNotFoundError                       Traceback (most recent call last)
/tmp/ipykernel_2757/663768817.py in <module>
     10 import numpy as np  # Ordinary NumPy
     11 import optax  # Optimizers
---> 12 import tensorflow_datasets as tfds  # TFDS for MNIST
     13 
     14 import random

ModuleNotFoundError: No module named 'tensorflow_datasets'
ModuleNotFoundError: No module named 'tensorflow_datasets'
