An error occurred while executing the following cell:
------------------
# Based on http://d2l.ai/chapter_computer-vision/transposed-conv.html
try:
    import torch
except ModuleNotFoundError:
    %pip install -qq torch
    import torch

from torch import nn
import numpy as np
------------------

---------------------------------------------------------------------------
ModuleNotFoundError                       Traceback (most recent call last)
/tmp/ipykernel_5234/4101351880.py in <module>
      6     import torch
      7 
----> 8 from torch import nn
      9 import numpy as np

~/miniconda3/envs/py37/lib/python3.7/site-packages/torch/nn/__init__.py in <module>
----> 1 from .modules import *  # noqa: F403
      2 from .parameter import Parameter, UninitializedParameter, UninitializedBuffer
      3 from .parallel import DataParallel
      4 from . import init
      5 from . import functional

~/miniconda3/envs/py37/lib/python3.7/site-packages/torch/nn/modules/__init__.py in <module>
----> 1 from .module import Module
      2 from .linear import Identity, Linear, Bilinear, LazyLinear
      3 from .conv import Conv1d, Conv2d, Conv3d, \
      4     ConvTranspose1d, ConvTranspose2d, ConvTranspose3d, \
      5     LazyConv1d, LazyConv2d, LazyConv3d, LazyConvTranspose1d, LazyConvTranspose2d, LazyConvTranspose3d

~/miniconda3/envs/py37/lib/python3.7/site-packages/torch/nn/modules/module.py in <module>
      5 
      6 import torch
----> 7 from ..parameter import Parameter
      8 import torch.utils.hooks as hooks
      9 

~/miniconda3/envs/py37/lib/python3.7/site-packages/torch/nn/parameter.py in <module>
      1 import torch
----> 2 from torch._C import _disabled_torch_function_impl
      3 from collections import OrderedDict
      4 
      5 

ModuleNotFoundError: No module named 'torch._C'
ModuleNotFoundError: No module named 'torch._C'
