An error occurred while executing the following cell:
------------------
from __future__ import absolute_import
from __future__ import division
from __future__ import print_function

import os

try:
    import tensorflow_probability as tfp
except ModuleNotFoundError:
    %pip install tensorflow_probability
import scipy.stats
from pprint import pprint
import matplotlib.pyplot as plt
import numpy as np
import seaborn as sns

%matplotlib inline

from IPython import display


sns.set(style="ticks", color_codes=True)

tfd = tfp.distributions

np.random.seed(12345)
tf.random.set_seed(12345)
------------------

---------------------------------------------------------------------------
NameError                                 Traceback (most recent call last)
/tmp/ipykernel_2483/1411877712.py in <module>
     22 sns.set(style="ticks", color_codes=True)
     23 
---> 24 tfd = tfp.distributions
     25 
     26 np.random.seed(12345)

NameError: name 'tfp' is not defined
NameError: name 'tfp' is not defined
