An error occurred while executing the following cell:
------------------

try:
    # %tensorflow_version only exists in Colab.
    %tensorflow_version 2.x
    IS_COLAB = True
except Exception:
    IS_COLAB = False

# TensorFlow ≥2.0 is required
import tensorflow as tf
from tensorflow import keras
assert tf.__version__ >= "2.0"

if not tf.config.list_physical_devices('GPU'):
    print("No GPU was detected. DNNs can be very slow without a GPU.")
    if IS_COLAB:
        print("Go to Runtime > Change runtime and select a GPU hardware accelerator.")
------------------

---------------------------------------------------------------------------
ModuleNotFoundError                       Traceback (most recent call last)
/tmp/ipykernel_1484/619487945.py in <module>
      7 
      8 # TensorFlow ≥2.0 is required
----> 9 import tensorflow as tf
     10 from tensorflow import keras
     11 assert tf.__version__ >= "2.0"

ModuleNotFoundError: No module named 'tensorflow'
ModuleNotFoundError: No module named 'tensorflow'
