An error occurred while executing the following cell:
------------------
import numpy as np
import matplotlib.pyplot as plt
import math
from IPython import display

try:
    import torch
except:
    %pip install torch
    import torch
try:
    import torchvision
except:
    %pip install torchvision
    import torchvision
from torch import nn
from torch.nn import functional as F
from torch.utils import data
from torchvision import transforms

import random
import os
import time

np.random.seed(seed=1)
torch.manual_seed(1)
!mkdir figures # for saving plots
------------------

---------------------------------------------------------------------------
ModuleNotFoundError                       Traceback (most recent call last)
/tmp/ipykernel_1451/1926253957.py in <module>
     11 try:
---> 12     import torchvision
     13 except:

ModuleNotFoundError: No module named 'torchvision'

During handling of the above exception, another exception occurred:

AttributeError                            Traceback (most recent call last)
/tmp/ipykernel_1451/1926253957.py in <module>
     13 except:
     14     get_ipython().run_line_magic('pip', 'install torchvision')
---> 15     import torchvision
     16 from torch import nn
     17 from torch.nn import functional as F

~/miniconda3/envs/py37/lib/python3.7/site-packages/torchvision/__init__.py in <module>
      3 
      4 import torch
----> 5 from torchvision import datasets
      6 from torchvision import io
      7 from torchvision import models

~/miniconda3/envs/py37/lib/python3.7/site-packages/torchvision/datasets/__init__.py in <module>
----> 1 from ._optical_flow import KittiFlow, Sintel, FlyingChairs, FlyingThings3D, HD1K
      2 from .caltech import Caltech101, Caltech256
      3 from .celeba import CelebA
      4 from .cifar import CIFAR10, CIFAR100
      5 from .cityscapes import Cityscapes

~/miniconda3/envs/py37/lib/python3.7/site-packages/torchvision/datasets/_optical_flow.py in <module>
     10 from PIL import Image
     11 
---> 12 from ..io.image import _read_png_16
     13 from .utils import verify_str_arg
     14 from .vision import VisionDataset

~/miniconda3/envs/py37/lib/python3.7/site-packages/torchvision/io/__init__.py in <module>
      3 import torch
      4 
----> 5 from ..utils import _log_api_usage_once
      6 
      7 try:

~/miniconda3/envs/py37/lib/python3.7/site-packages/torchvision/utils.py in <module>
     19 
     20 
---> 21 @torch.no_grad()
     22 def make_grid(
     23     tensor: Union[torch.Tensor, List[torch.Tensor]],

AttributeError: module 'torch' has no attribute 'no_grad'
AttributeError: module 'torch' has no attribute 'no_grad'
