An error occurred while executing the following cell:
------------------
import numpy as np
import matplotlib.pyplot as plt
from IPython import display

import jax
import jax.numpy as jnp  # JAX NumPy
import flax
from flax import linen as nn  # The Linen API
from flax.training import train_state  # Useful dataclass to keep train state
import optax  # Optimizers
import tensorflow_datasets as tfds  # TFDS for Fashion MNIST

import os
import functools
from typing import Tuple
------------------

---------------------------------------------------------------------------
ModuleNotFoundError                       Traceback (most recent call last)
/tmp/ipykernel_3118/3967664855.py in <module>
      9 from flax.training import train_state  # Useful dataclass to keep train state
     10 import optax  # Optimizers
---> 11 import tensorflow_datasets as tfds  # TFDS for Fashion MNIST
     12 
     13 import os

ModuleNotFoundError: No module named 'tensorflow_datasets'
ModuleNotFoundError: No module named 'tensorflow_datasets'
