An error occurred while executing the following cell:
------------------
from typing import Sequence
import matplotlib.pyplot as plt

import jax
import jax.numpy as jnp

try:
    import flax.linen as nn
except ModuleNotFoundError:
    %pip install -qq flax
    import flax.linen as nn
from flax.training import train_state

try:
    import optax
except ModuleNotFoundError:
    %pip install -qq optax
    import optax

import functools
import scipy as sp
import math

rng = jax.random.PRNGKey(0)
------------------

---------------------------------------------------------------------------
ModuleNotFoundError                       Traceback (most recent call last)
/tmp/ipykernel_4251/1747487776.py in <module>
      7 try:
----> 8     import flax.linen as nn
      9 except ModuleNotFoundError:

~/miniconda3/envs/py37/lib/python3.7/site-packages/flax/__init__.py in <module>
     18 from . import core as core
---> 19 from . import linen as linen
     20 from . import optim as optim

~/miniconda3/envs/py37/lib/python3.7/site-packages/flax/linen/__init__.py in <module>
     19 # re-export commonly used modules and functions
---> 20 from .activation import (
     21   PReLU as PReLU,

~/miniconda3/envs/py37/lib/python3.7/site-packages/flax/linen/activation.py in <module>
     21 
---> 22 from flax.linen.module import compact
     23 from flax.linen.module import Module

~/miniconda3/envs/py37/lib/python3.7/site-packages/flax/linen/module.py in <module>
     38     union_filters)
---> 39 from flax.linen import summary
     40 

~/miniconda3/envs/py37/lib/python3.7/site-packages/flax/linen/summary.py in <module>
     25 import rich.text
---> 26 import yaml
     27 

ModuleNotFoundError: No module named 'yaml'

During handling of the above exception, another exception occurred:

ModuleNotFoundError                       Traceback (most recent call last)
/tmp/ipykernel_4251/1747487776.py in <module>
      9 except ModuleNotFoundError:
     10     get_ipython().run_line_magic('pip', 'install -qq flax')
---> 11     import flax.linen as nn
     12 from flax.training import train_state
     13 

~/miniconda3/envs/py37/lib/python3.7/site-packages/flax/__init__.py in <module>
     17 
     18 from . import core as core
---> 19 from . import linen as linen
     20 from . import optim as optim
     21 # DO NOT REMOVE - Marker for internal deprecated API.

~/miniconda3/envs/py37/lib/python3.7/site-packages/flax/linen/__init__.py in <module>
     18 # pylint: disable=g-multiple-import
     19 # re-export commonly used modules and functions
---> 20 from .activation import (
     21   PReLU as PReLU,
     22   celu as celu,

~/miniconda3/envs/py37/lib/python3.7/site-packages/flax/linen/activation.py in <module>
     20 from typing import Any, Optional
     21 
---> 22 from flax.linen.module import compact
     23 from flax.linen.module import Module
     24 

~/miniconda3/envs/py37/lib/python3.7/site-packages/flax/linen/module.py in <module>
     37     CollectionFilter, DenyList, FrozenVariableDict, Variable, VariableDict,
     38     union_filters)
---> 39 from flax.linen import summary
     40 
     41 

~/miniconda3/envs/py37/lib/python3.7/site-packages/flax/linen/summary.py in <module>
     24 import rich.table
     25 import rich.text
---> 26 import yaml
     27 
     28 PRNGKey = Any  # pylint: disable=invalid-name

ModuleNotFoundError: No module named 'yaml'
ModuleNotFoundError: No module named 'yaml'
