An error occurred while executing the following cell:
------------------
import jax
import random
import numpy as np
import jax.numpy as jnp

import seaborn as sns
import matplotlib.pyplot as plt

import scipy
------------------

---------------------------------------------------------------------------
ModuleNotFoundError                       Traceback (most recent call last)
/tmp/ipykernel_3908/2981750457.py in <module>
----> 1 import jax
      2 import random
      3 import numpy as np
      4 import jax.numpy as jnp
      5 

ModuleNotFoundError: No module named 'jax'
ModuleNotFoundError: No module named 'jax'
