An error occurred while executing the following cell:
------------------
try:
    from google.colab import files
except ModuleNotFoundError:
    %pip install google
    from google.colab import files
uploaded = files.upload()
------------------

---------------------------------------------------------------------------
ModuleNotFoundError                       Traceback (most recent call last)
/tmp/ipykernel_2999/1929676306.py in <module>
      1 try:
----> 2     from google.colab import files
      3 except ModuleNotFoundError:

ModuleNotFoundError: No module named 'google.colab'

During handling of the above exception, another exception occurred:

ModuleNotFoundError                       Traceback (most recent call last)
/tmp/ipykernel_2999/1929676306.py in <module>
      3 except ModuleNotFoundError:
      4     get_ipython().run_line_magic('pip', 'install google')
----> 5     from google.colab import files
      6 uploaded = files.upload()

ModuleNotFoundError: No module named 'google.colab'
ModuleNotFoundError: No module named 'google.colab'
