An error occurred while executing the following cell:
------------------
import jax
import jax.numpy as jnp
import jax.scipy.stats as stats
from jax.random import PRNGKey, split

try:
    import distrax
except ModuleNotFoundError:
    %pip install distrax
    import distrax
try:
    from tensorflow_probability.substrates.jax.distributions import HalfCauchy
except ModuleNotFoundError:
    %pip install tensorflow-probability
    from tensorflow_probability.substrates.jax.distributions import HalfCauchy

try:
    import blackjax.hmc as hmc
except ModuleNotFoundError:
    %pip install blackjax
    import blackjax.hmc as hmc
import blackjax.nuts as nuts
import blackjax.stan_warmup as stan_warmup

import matplotlib.pyplot as plt
import numpy as np
import pandas as pd
import seaborn as sns

try:
    import arviz as az
except ModuleNotFoundError:
    %pip install arviz
    import arviz as az
from functools import partial

sns.set_style("whitegrid")
np.random.seed(123)
------------------

---------------------------------------------------------------------------
ModuleNotFoundError                       Traceback (most recent call last)
/tmp/ipykernel_2979/2331100378.py in <module>
     17 try:
---> 18     import blackjax.hmc as hmc
     19 except ModuleNotFoundError:

ModuleNotFoundError: No module named 'blackjax.hmc'

During handling of the above exception, another exception occurred:

ModuleNotFoundError                       Traceback (most recent call last)
/tmp/ipykernel_2979/2331100378.py in <module>
     19 except ModuleNotFoundError:
     20     get_ipython().run_line_magic('pip', 'install blackjax')
---> 21     import blackjax.hmc as hmc
     22 import blackjax.nuts as nuts
     23 import blackjax.stan_warmup as stan_warmup

ModuleNotFoundError: No module named 'blackjax.hmc'
ModuleNotFoundError: No module named 'blackjax.hmc'
