An error occurred while executing the following cell:
------------------
# We illustrate effect of prior on parameters for logistic regression
# Based on fig 11.3 of
# [Statistical Rethinking ed 2](https://xcelab.net/rm/statistical-rethinking/).


try:
    import probml_utils as pml
except ModuleNotFoundError:
    %pip install git+https://github.com/probml/probml-utils.git
    import probml_utils as pml
import numpy as np

np.set_printoptions(precision=3)
import matplotlib.pyplot as plt
from scipy import stats

try:
    import arviz as az
except ModuleNotFoundError:
    %pip install arviz
    import arviz as az
from scipy.special import expit

sigmas = [1.5, 10]
fig, ax = plt.subplots()
colors = ["r", "k"]
np.random.seed(0)
for i in range(2):
    sigma = sigmas[i]
    N = 1000
    a = stats.norm(0, sigma).rvs((N))
    logits = a
    probs = expit(logits)
    label = r"variance={:0.2f}".format(sigma)
    az.plot_kde(probs, ax=ax, plot_kwargs={"color": colors[i]}, label=label, legend=True)
pml.savefig("logreg_prior_offset.pdf", dpi=300)
plt.show()
------------------

---------------------------------------------------------------------------
ModuleNotFoundError                       Traceback (most recent call last)
/tmp/ipykernel_2572/476903399.py in <module>
      6 try:
----> 7     import probml_utils as pml
      8 except ModuleNotFoundError:

ModuleNotFoundError: No module named 'probml_utils'

During handling of the above exception, another exception occurred:

ModuleNotFoundError                       Traceback (most recent call last)
/tmp/ipykernel_2572/476903399.py in <module>
      8 except ModuleNotFoundError:
      9     get_ipython().run_line_magic('pip', 'install git+https://github.com/probml/probml-utils.git')
---> 10     import probml_utils as pml
     11 import numpy as np
     12 

ModuleNotFoundError: No module named 'probml_utils'
ModuleNotFoundError: No module named 'probml_utils'
