An error occurred while executing the following cell:
------------------
try:
    import jax
except ModuleNotFoundError:
    %pip install -qq jax jaxlib
    import jax


import jax.numpy as jnp
from typing import Any, Callable, Sequence, Optional
from jax import lax, random, numpy as jnp
from jax.nn import initializers

try:
    import flax
except ModuleNotFoundError:
    %pip install -qq flax yaml
    import flax

from flax.core import freeze, unfreeze
from flax import linen as nn

try:
    import matplotlib.pyplot as plt
except ModuleNotFoundError:
    %pip install -qq matplotlib
    import matplotlib.pyplot as plt

try:
    from probml_utils import savefig, latexify
except ModuleNotFoundError:
    %pip install -qq git+https://github.com/probml/probml-utils.git
    from probml_utils import savefig, latexify

import seaborn as sns
------------------

---------------------------------------------------------------------------
ModuleNotFoundError                       Traceback (most recent call last)
/tmp/ipykernel_3606/3726277587.py in <module>
     13 try:
---> 14     import flax
     15 except ModuleNotFoundError:

ModuleNotFoundError: No module named 'flax'

During handling of the above exception, another exception occurred:

ModuleNotFoundError                       Traceback (most recent call last)
/tmp/ipykernel_3606/3726277587.py in <module>
     15 except ModuleNotFoundError:
     16     get_ipython().run_line_magic('pip', 'install -qq flax yaml')
---> 17     import flax
     18 
     19 from flax.core import freeze, unfreeze

ModuleNotFoundError: No module named 'flax'
ModuleNotFoundError: No module named 'flax'
