An error occurred while executing the following cell:
------------------
import jax
import jax.numpy as jnp
import jax.scipy
from jax.config import config
from jax.scipy.stats import multivariate_normal
from matplotlib import colors
from matplotlib.colors import LightSource
from mpl_toolkits.mplot3d import axes3d
import numpy as np
import seaborn as sns
import os
import matplotlib.pyplot as plt

%matplotlib inline
config.update("jax_enable_x64", True)


try:
    from probml_utils import savefig, latexify
except ModuleNotFoundError:
    %pip install -qq git+https://github.com/probml/probml-utils.git
    from probml_utils import savefig, latexify
------------------

---------------------------------------------------------------------------
ModuleNotFoundError                       Traceback (most recent call last)
/tmp/ipykernel_3958/920646371.py in <module>
     18 try:
---> 19     from probml_utils import savefig, latexify
     20 except ModuleNotFoundError:

ModuleNotFoundError: No module named 'probml_utils'

During handling of the above exception, another exception occurred:

ModuleNotFoundError                       Traceback (most recent call last)
/tmp/ipykernel_3958/920646371.py in <module>
     20 except ModuleNotFoundError:
     21     get_ipython().run_line_magic('pip', 'install -qq git+https://github.com/probml/probml-utils.git')
---> 22     from probml_utils import savefig, latexify

ModuleNotFoundError: No module named 'probml_utils'
ModuleNotFoundError: No module named 'probml_utils'
