An error occurred while executing the following cell:
------------------
# Author: Peter Cerno <petercerno@gmail.com>
# Plot of:
#   (a) Raw height/weight data.
#   (b) Standardized.
#   (c) PCA whitened.
#   (d) ZCA whitened.
# Based on:
#   https://github.com/probml/pmtk3/blob/master/demos/heightWeightWhiten.m
# Some source code taken from:
#   https://github.com/probml/pyprobml/blob/master/book/gauss_height_weight_plot.py


import numpy as np
import scipy.io
import matplotlib.pyplot as plt
from matplotlib.patches import Ellipse

try:
    import probml_utils as pml
except ModuleNotFoundError:
    %pip install -qq git+https://github.com/probml/probml-utils.git
    import probml_utils as pml
import os
import requests
from io import BytesIO

url = "https://github.com/probml/probml-data/blob/main/data/heightWeight/heightWeight.mat?raw=true"
response = requests.get(url)
rawdata = BytesIO(response.content)
dataAll = scipy.io.loadmat(rawdata)


def draw_ell(ax, cov, xy, color):
    u, v = np.linalg.eigh(cov)
    angle = np.arctan2(v[0][1], v[0][0])
    angle = 180 * angle / np.pi
    # here we time u2 with 5, assume 95% are in this ellipse
    u2 = 5 * (u**0.5)
    e = Ellipse(xy, u2[0], u2[1], angle)
    ax.add_artist(e)
    e.set_clip_box(ax.bbox)
    e.set_facecolor("none")
    e.set_edgecolor(color)


data = dataAll["heightWeightData"]

y_vec = data[:, 0]  # 1=male, 2=female
x_mat = data[:, [1, 2]]  # height, weight
x_mat = x_mat[y_vec == 1, :]  # select males only

# Standardize

xs_mat = (x_mat - np.mean(x_mat, axis=0)) / np.std(x_mat)

# PCA Whiten

sigma = np.cov(x_mat.T)
mu = np.array([np.mean(x_mat, axis=0)]).T

d_vec, e_mat = np.linalg.eigh(sigma)
d_mat = np.diag(d_vec)

w_pca_mat = np.dot(np.sqrt(np.linalg.inv(d_mat)), e_mat.T)
xw_pca_mat = np.dot(w_pca_mat, x_mat.T - mu).T

# ZCA Whiten

w_zca_mat = np.dot(e_mat, np.dot(np.sqrt(np.linalg.inv(d_mat)), e_mat.T))
xw_zca_mat = np.dot(w_zca_mat, x_mat.T - mu).T

mat_list = [x_mat, xs_mat, xw_pca_mat, xw_zca_mat]
ax_titles = ["Raw", "Standardized", "PCA-whitened", "ZCA-whitened"]
ax_indices = [(0, 0), (0, 1), (1, 0), (1, 1)]

# fig, axes = plt.subplots(2, 2)
for i in range(4):
    mat = mat_list[i]
    fig, ax = plt.subplots()
    # ax = axes[ax_indices[i][0], ax_indices[i][1]]
    if i > 1:
        ax.set_aspect("equal", "datalim")
    ax.plot(mat[:, 0], mat[:, 1], "bx")
    for j in range(min(mat.shape[0], 4)):
        ax.text(mat[j, 0], mat[j, 1], str(j + 1), size=18)
    draw_ell(ax, np.cov(mat.T), np.mean(mat, axis=0), "blue")
    ttl = ax_titles[i]
    ax.set_title(ttl, fontsize=12)
    pml.savefig(f"heightWeightWhiten{ttl}.pdf")

# plt.subplots_adjust(hspace=0.3, wspace=0.3)
# pml.savefig('heightWeightWhitenZCA.pdf')
plt.show()
------------------

---------------------------------------------------------------------------
ValueError                                Traceback (most recent call last)
/tmp/ipykernel_4458/4142393524.py in <module>
     28 response = requests.get(url)
     29 rawdata = BytesIO(response.content)
---> 30 dataAll = scipy.io.loadmat(rawdata)
     31 
     32 

~/miniconda3/envs/py37/lib/python3.7/site-packages/scipy/io/matlab/mio.py in loadmat(file_name, mdict, appendmat, **kwargs)
    223     variable_names = kwargs.pop('variable_names', None)
    224     with _open_file_context(file_name, appendmat) as f:
--> 225         MR, _ = mat_reader_factory(f, **kwargs)
    226         matfile_dict = MR.get_variables(variable_names)
    227 

~/miniconda3/envs/py37/lib/python3.7/site-packages/scipy/io/matlab/mio.py in mat_reader_factory(file_name, appendmat, **kwargs)
     72     """
     73     byte_stream, file_opened = _open_file(file_name, appendmat)
---> 74     mjv, mnv = get_matfile_version(byte_stream)
     75     if mjv == 0:
     76         return MatFile4Reader(byte_stream, **kwargs), file_opened

~/miniconda3/envs/py37/lib/python3.7/site-packages/scipy/io/matlab/miobase.py in get_matfile_version(fileobj)
    229     if maj_val in (1, 2):
    230         return ret
--> 231     raise ValueError('Unknown mat file type, version %s, %s' % ret)
    232 
    233 

ValueError: Unknown mat file type, version 108, 49
ValueError: Unknown mat file type, version 108, 49
