An error occurred while executing the following cell:
------------------
import jax
import jax.numpy as jnp
import seaborn as sns
import matplotlib.pyplot as plt

try:
    from probml_utils import latexify, savefig, is_latexify_enabled
except ModuleNotFoundError:
    %pip install -qq git+https://github.com/probml/probml-utils.git
    from probml_utils import latexify, savefig, is_latexify_enabled
from jax.scipy.special import erfc
------------------

---------------------------------------------------------------------------
ModuleNotFoundError                       Traceback (most recent call last)
/tmp/ipykernel_4316/1542479456.py in <module>
----> 1 import jax
      2 import jax.numpy as jnp
      3 import seaborn as sns
      4 import matplotlib.pyplot as plt
      5 

ModuleNotFoundError: No module named 'jax'
ModuleNotFoundError: No module named 'jax'
