An error occurred while executing the following cell:
------------------
import jax.numpy as jnp
import jax
import seaborn as sns
import matplotlib.pyplot as plt

try:
    from probml_utils import latexify, savefig, is_latexify_enabled
except ModuleNotFoundError:
    %pip install -qq git+https://github.com/probml/probml-utils.git
    from probml_utils import latexify, savefig, is_latexify_enabled

from scipy.stats import binom
------------------

---------------------------------------------------------------------------
ModuleNotFoundError                       Traceback (most recent call last)
/tmp/ipykernel_3833/872109411.py in <module>
      6 try:
----> 7     from probml_utils import latexify, savefig, is_latexify_enabled
      8 except ModuleNotFoundError:

ModuleNotFoundError: No module named 'probml_utils'

During handling of the above exception, another exception occurred:

ModuleNotFoundError                       Traceback (most recent call last)
/tmp/ipykernel_3833/872109411.py in <module>
      8 except ModuleNotFoundError:
      9     get_ipython().run_line_magic('pip', 'install -qq git+https://github.com/probml/probml-utils.git')
---> 10     from probml_utils import latexify, savefig, is_latexify_enabled
     11 
     12 from scipy.stats import binom

ModuleNotFoundError: No module named 'probml_utils'
ModuleNotFoundError: No module named 'probml_utils'
