An error occurred while executing the following cell:
------------------
x = jnp.linspace(0, 7, 100)
a_list = [1.0, 1.5, 2.0, 1.0, 1.5, 2.0]
b_list = [1.0, 1.0, 1.0, 2.0, 2.0, 2.0]
props = ["b-", "r-", "k-", "b:", "r:", "k:"]
data = {"x": x, "a_list": a_list, "b_list": b_list, "props": props, "fig_name": "Gamma distributions"}
make_graph(data)
savefig("gammadist")
------------------

---------------------------------------------------------------------------
ModuleNotFoundError                       Traceback (most recent call last)
/tmp/ipykernel_4144/3270275807.py in <module>
----> 1 x = jnp.linspace(0, 7, 100)
      2 a_list = [1.0, 1.5, 2.0, 1.0, 1.5, 2.0]
      3 b_list = [1.0, 1.0, 1.0, 2.0, 2.0, 2.0]
      4 props = ["b-", "r-", "k-", "b:", "r:", "k:"]
      5 data = {"x": x, "a_list": a_list, "b_list": b_list, "props": props, "fig_name": "Gamma distributions"}

~/miniconda3/envs/py37/lib/python3.7/site-packages/jax/_src/numpy/lax_numpy.py in linspace(start, stop, num, endpoint, retstep, dtype, axis)

    [... skipping hidden 10 frame]

~/miniconda3/envs/py37/lib/python3.7/site-packages/jax/_src/dispatch.py in compile_or_get_cached(backend, computation, compile_options)

ModuleNotFoundError: No module named 'jax.experimental.compilation_cache'
ModuleNotFoundError: No module named 'jax.experimental.compilation_cache'
