An error occurred while executing the following cell:
------------------
import jax
import jax.numpy as jnp
import seaborn as sns
import matplotlib.pyplot as plt

try:
    from probml_utils import latexify, savefig, is_latexify_enabled
except ModuleNotFoundError:
    %pip install -qq git+https://github.com/probml/probml-utils.git
    from probml_utils import latexify, savefig, is_latexify_enabled

from jax.scipy.stats import norm
------------------

---------------------------------------------------------------------------
ModuleNotFoundError                       Traceback (most recent call last)
/tmp/ipykernel_3825/2753427409.py in <module>
----> 1 import jax
      2 import jax.numpy as jnp
      3 import seaborn as sns
      4 import matplotlib.pyplot as plt
      5 

~/miniconda3/envs/py37/lib/python3.7/site-packages/jax/__init__.py in <module>
     33 # We want the exported object to be the class, so we first import the module
     34 # to make sure a later import doesn't overwrite the class.
---> 35 from jax import config as _config_module
     36 del _config_module
     37 

~/miniconda3/envs/py37/lib/python3.7/site-packages/jax/config.py in <module>
     15 # TODO(phawkins): fix users of this alias and delete this file.
     16 
---> 17 from jax._src.config import config

~/miniconda3/envs/py37/lib/python3.7/site-packages/jax/_src/config.py in <module>
     27 from absl import logging
     28 
---> 29 from jax._src import lib
     30 from jax._src.lib import jax_jit
     31 from jax._src.lib import transfer_guard_lib

~/miniconda3/envs/py37/lib/python3.7/site-packages/jax/_src/lib/__init__.py in <module>
    107 except ImportError:
    108   pocketfft = None  # type: ignore
--> 109 try:
    110   import jaxlib.ducc_fft as ducc_fft  # pytype: disable=import-error
    111 except ImportError:

ModuleNotFoundError: No module named 'jaxlib.pocketfft'
ModuleNotFoundError: No module named 'jaxlib.pocketfft'
