An error occurred while executing the following cell:
------------------
import jax
import jax.numpy as jnp
import matplotlib.pyplot as plt
import seaborn as sns

try:
    from probml_utils import savefig, latexify
except ModuleNotFoundError:
    %pip install -qq git+https://github.com/probml/probml-utils.git
    from probml_utils import savefig, latexify
------------------

---------------------------------------------------------------------------
ModuleNotFoundError                       Traceback (most recent call last)
/tmp/ipykernel_4236/3698783498.py in <module>
----> 1 import jax
      2 import jax.numpy as jnp
      3 import matplotlib.pyplot as plt
      4 import seaborn as sns
      5 

ModuleNotFoundError: No module named 'jax'
ModuleNotFoundError: No module named 'jax'
