An error occurred while executing the following cell:
------------------
# Bonnet's thm: d/dm E[f(z)] = E[d/dz f(z)] for z ~ N(m,v)
#Price's thm:  d/dv E[f(z)] = 0.5 E[d^2/dz^2 f(z)] for z ~ N(m,v)

# Note that we are taking derivatives wrt the parameters of the sampling distribution
# We rely on the fact that TFP Gaussian samples are reparameterizable

import numpy as np
import jax
import jax.numpy as jnp
try:
    import tensorflow_probability as tfp
except ModuleNotFoundError:
    %pip install -qq tensorflow-probability
    import tensorflow_probability as tfp
tfp = tfp.substrates.jax
tfd = tfp.distributions

key = jax.random.PRNGKey(0)
nsamples = 10000


def f(z):
  return jnp.square(z) # arbitrary fn

def expect_f(params):
  m, v = params
  dist = tfd.Normal(m, jnp.sqrt(v))
  zs = dist.sample(nsamples, key)
  return jnp.mean(f(zs))

def expect_grad(params):
  m, v = params
  dist = tfd.Normal(m, jnp.sqrt(v))
  zs = dist.sample(nsamples, key)
  grads = jax.vmap(jax.grad(f))(zs)
  return jnp.mean(grads)

def expect_grad2(params):
  m, v = params
  dist = tfd.Normal(m, jnp.sqrt(v))
  zs = dist.sample(nsamples, key)
  #g = jax.grad(f)
  #grads = jax.vmap(jax.grad(g))(zs)
  grads = jax.vmap(jax.hessian(f))(zs)
  return jnp.mean(grads)


params = (1.0, 2.0)


e1 = expect_grad(params)
e2 = expect_grad2(params)
print([e1, 0.5*e2])

grads = jax.grad(expect_f)(params)
print(grads)

assert np.allclose(e1, grads[0], atol=1e-1)
assert np.allclose(0.5 * e2, grads[1], atol=1e-1)


------------------

---------------------------------------------------------------------------
RuntimeError                              Traceback (most recent call last)
/tmp/ipykernel_4668/994468337.py in <module>
      6 
      7 import numpy as np
----> 8 import jax
      9 import jax.numpy as jnp
     10 try:

~/miniconda3/envs/py37/lib/python3.7/site-packages/jax/__init__.py in <module>
     33 # We want the exported object to be the class, so we first import the module
     34 # to make sure a later import doesn't overwrite the class.
---> 35 from jax import config as _config_module
     36 del _config_module
     37 

~/miniconda3/envs/py37/lib/python3.7/site-packages/jax/config.py in <module>
     15 # TODO(phawkins): fix users of this alias and delete this file.
     16 
---> 17 from jax._src.config import config

~/miniconda3/envs/py37/lib/python3.7/site-packages/jax/_src/config.py in <module>
     27 from absl import logging
     28 
---> 29 from jax._src import lib
     30 from jax._src.lib import jax_jit
     31 from jax._src.lib import transfer_guard_lib

~/miniconda3/envs/py37/lib/python3.7/site-packages/jax/_src/lib/__init__.py in <module>
     95   jax_version=jax.version.__version__,
     96   jaxlib_version=jaxlib.version.__version__,
---> 97   minimum_jaxlib_version=jax.version._minimum_jaxlib_version)
     98 
     99 

~/miniconda3/envs/py37/lib/python3.7/site-packages/jax/_src/lib/__init__.py in check_jaxlib_version(jax_version, jaxlib_version, minimum_jaxlib_version)
     87            f'incompatible with jax version {jax_version}. Please '
     88            'update your jax and/or jaxlib packages.')
---> 89     raise RuntimeError(msg)
     90 
     91   return _jaxlib_version

RuntimeError: jaxlib version 0.3.15 is newer than and incompatible with jax version 0.3.14. Please update your jax and/or jaxlib packages.
RuntimeError: jaxlib version 0.3.15 is newer than and incompatible with jax version 0.3.14. Please update your jax and/or jaxlib packages.
