An error occurred while executing the following cell:
------------------
# Import libraries
import numpy as np
import matplotlib.pyplot as plt
import jax
import jax.numpy as jnp
from flax import linen as nn
%matplotlib inline
import time
import pylab as pl
from IPython import display
from tqdm.notebook import trange, tqdm
from functools import partial
------------------

---------------------------------------------------------------------------
ModuleNotFoundError                       Traceback (most recent call last)
/tmp/ipykernel_4067/1370548772.py in <module>
      4 import jax
      5 import jax.numpy as jnp
----> 6 from flax import linen as nn
      7 get_ipython().run_line_magic('matplotlib', 'inline')
      8 import time

ModuleNotFoundError: No module named 'flax'
ModuleNotFoundError: No module named 'flax'
