An error occurred while executing the following cell:
------------------
# Standard Python libraries
from __future__ import absolute_import, division, print_function, unicode_literals

import os
import time
import numpy as np
import glob
import matplotlib as mpl
import matplotlib.pyplot as plt
import PIL
import imageio

from IPython import display

import sklearn

import seaborn as sns

sns.set(style="ticks", color_codes=True)

import pandas as pd

pd.set_option("precision", 2)  # 2 decimal places
pd.set_option("display.max_rows", 20)
pd.set_option("display.max_columns", 30)
pd.set_option("display.width", 100)  # wide windows
------------------

---------------------------------------------------------------------------
ModuleNotFoundError                       Traceback (most recent call last)
Input In [2], in <cell line: 11>()
      9 import matplotlib.pyplot as plt
     10 import PIL
---> 11 import imageio
     13 from IPython import display
     15 import sklearn

ModuleNotFoundError: No module named 'imageio'
ModuleNotFoundError: No module named 'imageio'
