An error occurred while executing the following cell:
------------------
# pca 1d : visualize variacnce of projecton
# Code is based on chapter 8 of
# https://github.com/ageron/handson-ml2


import numpy as np
import matplotlib.pyplot as plt

try:
    from sklearn.decomposition import PCA
except ModuleNotFoundError:
    %pip install scikit-learn
    from sklearn.decomposition import PCA

angle = np.pi / 5
stretch = 5
m = 200

np.random.seed(3)
X = np.random.randn(m, 2) / 10
X = X.dot(np.array([[stretch, 0], [0, 1]]))  # stretch
X = X.dot([[np.cos(angle), np.sin(angle)], [-np.sin(angle), np.cos(angle)]])  # rotate

u1 = np.array([np.cos(angle), np.sin(angle)])
u2 = np.array([np.cos(angle - 2 * np.pi / 6), np.sin(angle - 2 * np.pi / 6)])
u3 = np.array([np.cos(angle - np.pi / 2), np.sin(angle - np.pi / 2)])

X_proj1 = X.dot(u1.reshape(-1, 1))
X_proj2 = X.dot(u2.reshape(-1, 1))
X_proj3 = X.dot(u3.reshape(-1, 1))

plt.figure(figsize=(8, 4))
plt.subplot2grid((3, 2), (0, 0), rowspan=3)
plt.plot([-1.4, 1.4], [-1.4 * u1[1] / u1[0], 1.4 * u1[1] / u1[0]], "k-", linewidth=1)
plt.plot([-1.4, 1.4], [-1.4 * u2[1] / u2[0], 1.4 * u2[1] / u2[0]], "k--", linewidth=1)
plt.plot([-1.4, 1.4], [-1.4 * u3[1] / u3[0], 1.4 * u3[1] / u3[0]], "k:", linewidth=2)
plt.plot(X[:, 0], X[:, 1], "bo", alpha=0.5)
plt.axis([-1.4, 1.4, -1.4, 1.4])
plt.arrow(0, 0, u1[0], u1[1], head_width=0.1, linewidth=5, length_includes_head=True, head_length=0.1, fc="k", ec="k")
plt.arrow(0, 0, u3[0], u3[1], head_width=0.1, linewidth=5, length_includes_head=True, head_length=0.1, fc="k", ec="k")
plt.text(u1[0] + 0.1, u1[1] - 0.05, r"$v_1$", fontsize=22)
plt.text(u2[0] + 0.1, u2[1], r"$v'$", fontsize=22)  # KPM
plt.text(u3[0] + 0.1, u3[1], r"$v_2$", fontsize=22)
plt.xlabel("$x_1$", fontsize=18)
plt.ylabel("$x_2$", fontsize=18, rotation=0)
plt.grid(True)

plt.subplot2grid((3, 2), (0, 1))
plt.plot([-2, 2], [0, 0], "k-", linewidth=1)
plt.plot(X_proj1[:, 0], np.zeros(m), "bo", alpha=0.3)
plt.gca().get_yaxis().set_ticks([])
plt.gca().get_xaxis().set_ticklabels([])
plt.axis([-2, 2, -1, 1])
plt.grid(True)

plt.subplot2grid((3, 2), (1, 1))
plt.plot([-2, 2], [0, 0], "k--", linewidth=1)
plt.plot(X_proj2[:, 0], np.zeros(m), "bo", alpha=0.3)
plt.gca().get_yaxis().set_ticks([])
plt.gca().get_xaxis().set_ticklabels([])
plt.axis([-2, 2, -1, 1])
plt.grid(True)

plt.subplot2grid((3, 2), (2, 1))
plt.plot([-2, 2], [0, 0], "k:", linewidth=2)
plt.plot(X_proj3[:, 0], np.zeros(m), "bo", alpha=0.3)
plt.gca().get_yaxis().set_ticks([])
plt.axis([-2, 2, -1, 1])
plt.xlabel("$z_1$", fontsize=18)
plt.grid(True)

plt.tight_layout()
plt.savefig("figures/pca_projected_variance.pdf", dpi=300)
plt.show()
------------------

---------------------------------------------------------------------------
FileNotFoundError                         Traceback (most recent call last)
/tmp/ipykernel_2224/2986929776.py in <module>
     71 
     72 plt.tight_layout()
---> 73 plt.savefig("figures/pca_projected_variance.pdf", dpi=300)
     74 plt.show()

~/miniconda3/envs/py37/lib/python3.7/site-packages/matplotlib/pyplot.py in savefig(*args, **kwargs)
    977 def savefig(*args, **kwargs):
    978     fig = gcf()
--> 979     res = fig.savefig(*args, **kwargs)
    980     fig.canvas.draw_idle()   # need this if 'transparent=True' to reset colors
    981     return res

~/miniconda3/envs/py37/lib/python3.7/site-packages/matplotlib/figure.py in savefig(self, fname, transparent, **kwargs)
   3044                         ax.patch._cm_set(facecolor='none', edgecolor='none'))
   3045 
-> 3046             self.canvas.print_figure(fname, **kwargs)
   3047 
   3048     def ginput(self, n=1, timeout=30, show_clicks=True,

~/miniconda3/envs/py37/lib/python3.7/site-packages/matplotlib/backend_bases.py in print_figure(self, filename, dpi, facecolor, edgecolor, orientation, format, bbox_inches, pad_inches, bbox_extra_artists, backend, **kwargs)
   2323                         orientation=orientation,
   2324                         bbox_inches_restore=_bbox_inches_restore,
-> 2325                         **kwargs)
   2326             finally:
   2327                 if bbox_inches and restore_bbox:

~/miniconda3/envs/py37/lib/python3.7/site-packages/matplotlib/backend_bases.py in wrapper(*args, **kwargs)
   1646             kwargs.pop(arg)
   1647 
-> 1648         return func(*args, **kwargs)
   1649 
   1650     return wrapper

~/miniconda3/envs/py37/lib/python3.7/site-packages/matplotlib/_api/deprecation.py in wrapper(*inner_args, **inner_kwargs)
    387             # Early return in the simple, non-deprecated case (much faster than
    388             # calling bind()).
--> 389             return func(*inner_args, **inner_kwargs)
    390         arguments = signature.bind(*inner_args, **inner_kwargs).arguments
    391         if is_varargs and arguments.get(name):

~/miniconda3/envs/py37/lib/python3.7/site-packages/matplotlib/backends/backend_pdf.py in print_pdf(self, filename, dpi, bbox_inches_restore, metadata)
   2781             file = filename._file
   2782         else:
-> 2783             file = PdfFile(filename, metadata=metadata)
   2784         try:
   2785             file.newPage(width, height)

~/miniconda3/envs/py37/lib/python3.7/site-packages/matplotlib/backends/backend_pdf.py in __init__(self, filename, metadata)
    652         self.original_file_like = None
    653         self.tell_base = 0
--> 654         fh, opened = cbook.to_filehandle(filename, "wb", return_opened=True)
    655         if not opened:
    656             try:

~/miniconda3/envs/py37/lib/python3.7/site-packages/matplotlib/cbook/__init__.py in to_filehandle(fname, flag, return_opened, encoding)
    449             fh = bz2.BZ2File(fname, flag)
    450         else:
--> 451             fh = open(fname, flag, encoding=encoding)
    452         opened = True
    453     elif hasattr(fname, 'seek'):

FileNotFoundError: [Errno 2] No such file or directory: 'figures/pca_projected_variance.pdf'
FileNotFoundError: [Errno 2] No such file or directory: 'figures/pca_projected_variance.pdf'
