An error occurred while executing the following cell:
------------------

from numpy.linalg import matrix_rank
from matplotlib import pyplot as plt
try:
    from sklearn.datasets import fetch_olivetti_faces
except ModuleNotFoundError:
    %pip install scikit-learn
    from sklearn.datasets import fetch_olivetti_faces
import numpy as np
from sklearn.decomposition import PCA


np.random.seed(0)
# load the faces (value from 0 to 1)
faces = fetch_olivetti_faces()
img = faces['images']
X = faces['data']
target = faces['target']
y = np.ravel(np.repeat(np.arange(1, 41), 10))

h, w, n = 64, 64, len(img)

val = np.random.choice(n, 16, replace=False)
fig, axs = plt.subplots(4, 4)
fig.suptitle("16 Random Face Images ", fontsize="x-large")
for i in range(16):
    r, c = int(i / 4), i % 4
    axs[r, c].imshow(X[val[i]].reshape(h, w), cmap='gray')
    axs[r, c].axis('off')

fig.savefig("figures/PcaTrainFaceImages.png")

print('Performing PCA')
mu = np.mean(X, axis=0)
XC = X - mu
pca = PCA()
pca.fit(XC)
V = pca.components_
Z = np.dot(XC, V.T)

fig, axs = plt.subplots(2, 2)
fig.suptitle("PCA on Face Images (Principle components) ", fontsize="x-large")
for i in range(4):
    r, c = int(i / 2), i % 2
    if r == 0 and c == 0:
        # mu plot
        axs[r, c].imshow(mu.reshape(h, w), cmap='gray')
        axs[r, c].axis('off')
        axs[r, c].set_title('Mean')
    else:
        # plots the first three Eigenfaces
        axs[r, c].imshow(V[i - 1].reshape(h, w), cmap='gray')
        axs[r, c].axis('off')
        axs[r, c].set_title('principal Basis {}'.format(i - 1))
fig.savefig("figures/PrincipalComponentFaceImages.png")

ndx = 125
Ks = [5, 10, 20, matrix_rank(X)]
fig, axs = plt.subplots(2, 2)
fig.suptitle("PCA on Face Images (Reconstructed Images) ", fontsize="x-large")
count = 0
for k in Ks:
    Xrecon = np.dot(Z[np.newaxis, ndx, :k], V[:k, :]) + mu
    r, c = int(count / 2), count % 2
    axs[r, c].imshow(Xrecon.reshape(64, 64), cmap='gray')
    axs[r, c].axis('off')
    axs[r, c].set_title('{} Components'.format(k))
    count += 1
fig.savefig("figures/PCAReconstructedFaceImages.png")


fig, axs = plt.subplots(1, 1)
fig.suptitle("PCA on Face Images (ReconstructionError) ", fontsize="x-large")
Ks = []
Ks.extend(list(np.arange(0, 10, 1)))
Ks.extend(list(np.arange(10, 50, 5)))
Ks.extend(list(np.arange(50, matrix_rank(X), 25)))
mse = np.zeros(len(Ks))
count = 0
for k in Ks:
    Xrecon = np.dot(Z[:, :k], V[:k, :]) + mu
    err = (Xrecon - X)
    mse[count] = np.sqrt(np.mean(err ** 2))
    count += 1

axs.plot(Ks, mse, '-o')
axs.set_ylabel('MSE')
axs.set_xlabel('K')
fig.savefig("figures/ReconstructionError.png")

fig, axs = plt.subplots(1, 1)
fig.suptitle("pcaImage Faces (proportion of variance) ", fontsize="x-large")

axs.plot(np.cumsum(pca.explained_variance_)/np.sum(pca.explained_variance_), 'o-')
axs.set_ylabel('proportion of variance')
axs.set_xlabel('K')
fig.savefig("figures/PCAvariance.png")

------------------

---------------------------------------------------------------------------
FileNotFoundError                         Traceback (most recent call last)
/tmp/ipykernel_2216/317731621.py in <module>
     28     axs[r, c].axis('off')
     29 
---> 30 fig.savefig("figures/PcaTrainFaceImages.png")
     31 
     32 print('Performing PCA')

~/miniconda3/envs/py37/lib/python3.7/site-packages/matplotlib/figure.py in savefig(self, fname, transparent, **kwargs)
   3044                         ax.patch._cm_set(facecolor='none', edgecolor='none'))
   3045 
-> 3046             self.canvas.print_figure(fname, **kwargs)
   3047 
   3048     def ginput(self, n=1, timeout=30, show_clicks=True,

~/miniconda3/envs/py37/lib/python3.7/site-packages/matplotlib/backend_bases.py in print_figure(self, filename, dpi, facecolor, edgecolor, orientation, format, bbox_inches, pad_inches, bbox_extra_artists, backend, **kwargs)
   2323                         orientation=orientation,
   2324                         bbox_inches_restore=_bbox_inches_restore,
-> 2325                         **kwargs)
   2326             finally:
   2327                 if bbox_inches and restore_bbox:

~/miniconda3/envs/py37/lib/python3.7/site-packages/matplotlib/backend_bases.py in wrapper(*args, **kwargs)
   1646             kwargs.pop(arg)
   1647 
-> 1648         return func(*args, **kwargs)
   1649 
   1650     return wrapper

~/miniconda3/envs/py37/lib/python3.7/site-packages/matplotlib/_api/deprecation.py in wrapper(*inner_args, **inner_kwargs)
    413                          else deprecation_addendum,
    414                 **kwargs)
--> 415         return func(*inner_args, **inner_kwargs)
    416 
    417     DECORATORS[wrapper] = decorator

~/miniconda3/envs/py37/lib/python3.7/site-packages/matplotlib/backends/backend_agg.py in print_png(self, filename_or_obj, metadata, pil_kwargs, *args)
    541         mpl.image.imsave(
    542             filename_or_obj, self.buffer_rgba(), format="png", origin="upper",
--> 543             dpi=self.figure.dpi, metadata=metadata, pil_kwargs=pil_kwargs)
    544 
    545     def print_to_buffer(self):

~/miniconda3/envs/py37/lib/python3.7/site-packages/matplotlib/image.py in imsave(fname, arr, vmin, vmax, cmap, format, origin, dpi, metadata, pil_kwargs)
   1673         pil_kwargs.setdefault("format", format)
   1674         pil_kwargs.setdefault("dpi", (dpi, dpi))
-> 1675         image.save(fname, **pil_kwargs)
   1676 
   1677 

~/miniconda3/envs/py37/lib/python3.7/site-packages/PIL/Image.py in save(self, fp, format, **params)
   2295                 fp = builtins.open(filename, "r+b")
   2296             else:
-> 2297                 fp = builtins.open(filename, "w+b")
   2298 
   2299         try:

FileNotFoundError: [Errno 2] No such file or directory: 'figures/PcaTrainFaceImages.png'
FileNotFoundError: [Errno 2] No such file or directory: 'figures/PcaTrainFaceImages.png'
