An error occurred while executing the following cell:
------------------
ratings_list = [
    [int(x) for x in i.strip().split("::")] for i in open(os.path.join(folder, "ratings.dat"), "r").readlines()
]
users_list = [i.strip().split("::") for i in open(os.path.join(folder, "users.dat"), "r").readlines()]
movies_list = [
    i.strip().split("::") for i in open(os.path.join(folder, "movies.dat"), "r", encoding="latin-1").readlines()
]
------------------

---------------------------------------------------------------------------
FileNotFoundError                         Traceback (most recent call last)
/tmp/ipykernel_1243/489355359.py in <module>
      1 ratings_list = [
----> 2     [int(x) for x in i.strip().split("::")] for i in open(os.path.join(folder, "ratings.dat"), "r").readlines()
      3 ]
      4 users_list = [i.strip().split("::") for i in open(os.path.join(folder, "users.dat"), "r").readlines()]
      5 movies_list = [

FileNotFoundError: [Errno 2] No such file or directory: 'ml-1m/ratings.dat'
FileNotFoundError: [Errno 2] No such file or directory: 'ml-1m/ratings.dat'
