An error occurred while executing the following cell:
------------------
import torchvision
from torchvision import datasets
from torchvision import transforms

import numpy as np
import jax
import jax.numpy as jnp
import itertools

from bokeh.io import output_notebook, show
from bokeh.layouts import gridplot
from bokeh.plotting import figure
------------------

---------------------------------------------------------------------------
ModuleNotFoundError                       Traceback (most recent call last)
/tmp/ipykernel_3843/590161979.py in <module>
      8 import itertools
      9 
---> 10 from bokeh.io import output_notebook, show
     11 from bokeh.layouts import gridplot
     12 from bokeh.plotting import figure

ModuleNotFoundError: No module named 'bokeh'
ModuleNotFoundError: No module named 'bokeh'
