An error occurred while executing the following cell:
------------------
import os
import numpy as np
import jax
import jax.numpy as jnp
import matplotlib.pyplot as plt

import math

try:
    import torch
except ModuleNotFoundError:
    %pip install torch
    import torch
from torch.utils import data

if not os.path.exists("figures"):
    os.makedirs("figures")  # for saving plots
------------------

---------------------------------------------------------------------------
ModuleNotFoundError                       Traceback (most recent call last)
/tmp/ipykernel_2676/314948657.py in <module>
     12     get_ipython().run_line_magic('pip', 'install torch')
     13     import torch
---> 14 from torch.utils import data
     15 
     16 if not os.path.exists("figures"):

~/miniconda3/envs/py37/lib/python3.7/site-packages/torch/utils/__init__.py in <module>
      2 import sys
      3 
----> 4 from .throughput_benchmark import ThroughputBenchmark
      5 from ._crash_handler import enable_minidumps, disable_minidumps, enable_minidumps_on_exceptions
      6 

~/miniconda3/envs/py37/lib/python3.7/site-packages/torch/utils/throughput_benchmark.py in <module>
      1 
----> 2 import torch._C
      3 
      4 def format_time(time_us=None, time_ms=None, time_s=None):
      5     '''Defines how to format time'''

ModuleNotFoundError: No module named 'torch._C'
ModuleNotFoundError: No module named 'torch._C'
