An error occurred while executing the following cell:
------------------
fig, ax = plt.subplots(nrows=1, ncols=2, figsize=(12, 6), sharey=True)
african_nations = df[df["cont_africa"] == 1]
non_african_nations = df[df["cont_africa"] == 0]
sns.scatterplot(non_african_nations["rugged"], non_african_nations["rgdppc_2000"], ax=ax[0])
ax[0].set(xlabel="Terrain Ruggedness Index", ylabel="log GDP (2000)", title="Non African Nations")
sns.scatterplot(african_nations["rugged"], african_nations["rgdppc_2000"], ax=ax[1])
ax[1].set(xlabel="Terrain Ruggedness Index", ylabel="log GDP (2000)", title="African Nations");
------------------

---------------------------------------------------------------------------
TypeError                                 Traceback (most recent call last)
/tmp/ipykernel_5796/4083761513.py in <module>
      2 african_nations = df[df["cont_africa"] == 1]
      3 non_african_nations = df[df["cont_africa"] == 0]
----> 4 sns.scatterplot(non_african_nations["rugged"], non_african_nations["rgdppc_2000"], ax=ax[0])
      5 ax[0].set(xlabel="Terrain Ruggedness Index", ylabel="log GDP (2000)", title="Non African Nations")
      6 sns.scatterplot(african_nations["rugged"], african_nations["rgdppc_2000"], ax=ax[1])

TypeError: scatterplot() takes from 0 to 1 positional arguments but 2 positional arguments (and 1 keyword-only argument) were given
TypeError: scatterplot() takes from 0 to 1 positional arguments but 2 positional arguments (and 1 keyword-only argument) were given
