An error occurred while executing the following cell:
------------------


import numpy as np
import matplotlib.pyplot as plt
import os
try:
    import pyprobml_utils as pml
except ModuleNotFoundError:
    %pip install pyprobml_utils
    import pyprobml_utils as pml

np.random.seed(0)
N = 5000
r = 2
xs = np.random.uniform(low=-r, high=r, size=N)
ys = np.random.uniform(low=-r, high=r, size=N)
rs = xs ** 2 + ys ** 2
inside = (rs <= r**2)
samples = 4*(r**2)*inside
Ihat = np.mean(samples)
pi_estimate = Ihat/(r**2)
se = np.sqrt(np.var(samples)/N)
print(('the estimated pi = %f' % pi_estimate))
print(('the standard pi = %f' % np.pi))
print(('stderr = %f' % se))

plt.figure(figsize=(5, 5))
plt.plot(xs[inside], ys[inside], 'bo')
plt.plot(xs[~inside], ys[~inside], 'rD')
pml.savefig('mcEstimatePi.pdf')
plt.show()

------------------

---------------------------------------------------------------------------
ModuleNotFoundError                       Traceback (most recent call last)
/tmp/ipykernel_2816/1930922059.py in <module>
      4 try:
----> 5     import pyprobml_utils as pml
      6 except ModuleNotFoundError:

ModuleNotFoundError: No module named 'pyprobml_utils'

During handling of the above exception, another exception occurred:

ModuleNotFoundError                       Traceback (most recent call last)
/tmp/ipykernel_2816/1930922059.py in <module>
      6 except ModuleNotFoundError:
      7     get_ipython().run_line_magic('pip', 'install pyprobml_utils')
----> 8     import pyprobml_utils as pml
      9 
     10 np.random.seed(0)

ModuleNotFoundError: No module named 'pyprobml_utils'
ModuleNotFoundError: No module named 'pyprobml_utils'
